2015-09-01 08:14:57,897 INFO   [ExtractCPILogs] Application Name: FN_OFCBC
2015-09-01 08:14:57,897 INFO   [ExtractCPILogs] Application Property File: FN_OFCBC.properties
2015-09-01 08:14:58,406 INFO   [ExtractCPILogs] 25000 logs are extracted.
2015-09-01 08:14:58,437 INFO   [ExtractCPILogs] 25000 logs are exported.
2015-09-01 08:15:19,517 INFO   [ExtractCPILogs] Application Name: FN_OFCBC
2015-09-01 08:15:19,518 INFO   [ExtractCPILogs] Application Property File: FN_OFCBC.properties
2015-09-01 08:15:19,609 INFO   [ConfigValueLookup] Configuration property file search order:
    user.dir = C:\git\KWONS\workspace\ExtractCPILog
    user.home = C:\Users\KWONS
    java.home = C:\Program Files (x86)\Java\jre7
2015-09-01 08:15:19,640 INFO   [ConfigValueLookup] Loading configuration resource: FileNetBuild.properties
2015-09-01 08:15:20,431 INFO   [ExtractCPILogs] 0 logs are extracted.
2015-09-01 08:17:08,535 INFO   [ExtractCPILogs] Application Name: FN_OFCBC
2015-09-01 08:17:08,536 DEBUG  [ExtractCPILogs] FN_OFCBC.properties
2015-09-01 08:17:08,536 INFO   [ExtractCPILogs] Application Property File: FN_OFCBC.properties
2015-09-01 08:17:08,604 INFO   [ConfigValueLookup] Configuration property file search order:
    user.dir = C:\git\KWONS\workspace\ExtractCPILog
    user.home = C:\Users\KWONS
    java.home = C:\Program Files (x86)\Java\jre7
2015-09-01 08:17:08,633 INFO   [ConfigValueLookup] Loading configuration resource: FileNetBuild.properties
2015-09-01 08:17:08,634 DEBUG  [ConfigValueLookup] Configuration for:Config.AutoRefreshEnabled value:null applied
2015-09-01 08:17:08,634 DEBUG  [ConfigValueLookup] Configuration for:com.filenet.engine.LoggerRefreshInterval value:null applied
2015-09-01 08:19:40,827 INFO   [ExtractCPILogs] Application Name: FN_OFCBC
2015-09-01 08:19:40,827 DEBUG  [ExtractCPILogs] FN_OFCBC.properties
2015-09-01 08:19:40,827 INFO   [ExtractCPILogs] Application Property File: FN_OFCBC.properties
2015-09-01 08:19:40,897 INFO   [ConfigValueLookup] Configuration property file search order:
    user.dir = C:\git\KWONS\workspace\ExtractCPILog
    user.home = C:\Users\KWONS
    java.home = C:\Program Files (x86)\Java\jre7
2015-09-01 08:19:40,927 INFO   [ConfigValueLookup] Loading configuration resource: FileNetBuild.properties
2015-09-01 08:19:40,928 DEBUG  [ConfigValueLookup] Configuration for:Config.AutoRefreshEnabled value:null applied
2015-09-01 08:19:40,929 DEBUG  [ConfigValueLookup] Configuration for:com.filenet.engine.LoggerRefreshInterval value:null applied
2015-09-01 08:19:41,036 DEBUG  [ConfigValueLookup] Configuration for:FileNet.EJB.ContextProperties value:null applied
2015-09-01 08:19:41,036 DEBUG  [J2EEUtil] JVM global FileNet.EJB.ContextProperties: null
2015-09-01 08:19:41,036 DEBUG  [J2EEUtil] J2EEUtil.getInitialContextWithParameters JNDI Environment (a): {}
2015-09-01 08:19:41,038 DEBUG  [J2EEUtil] J2EEUtil.getInitialContextWithParameters caught and ignored (harmless): javax.naming.NoInitialContextException: Need to specify class name in environment or system property, or as an applet parameter, or in an application resource file:  java.naming.factory.initial
2015-09-01 08:19:41,038 DEBUG  [J2EEUtil] J2EEUtil.getInitialContextWithParameters computed java.naming.factory.initial: null
2015-09-01 08:19:41,038 DEBUG  [J2EEUtil] J2EEUtil.getInitialContextWithParameters JNDI Environment (b): {}
2015-09-01 08:19:41,038 DEBUG  [J2EEUtil] getInitialContextFactory() failed because of the following error: javax.naming.NoInitialContextException: Need to specify class name in environment or system property, or as an applet parameter, or in an application resource file:  java.naming.factory.initial
2015-09-01 08:19:41,038 DEBUG  [J2EEUtil] JNDI did not reveal an appserver, so looking for known classes on the classpath
2015-09-01 08:19:41,038 DEBUG  [J2EEUtil] WebSphere class com.ibm.websphere.naming.WsnInitialContextFactory not used because of the following error: java.lang.ClassNotFoundException: com.ibm.websphere.naming.WsnInitialContextFactory
2015-09-01 08:19:41,038 DEBUG  [J2EEUtil] WebLogic class weblogic.jndi.WLInitialContextFactory not used because of the following error: java.lang.ClassNotFoundException: weblogic.jndi.WLInitialContextFactory
2015-09-01 08:19:41,038 DEBUG  [J2EEUtil] JBoss class org.jnp.interfaces.NamingContextFactory not used because of the following error: java.lang.ClassNotFoundException: org.jnp.interfaces.NamingContextFactory
2015-09-01 08:19:41,038 DEBUG  [J2EEUtil] The code has NOT detected a need to introduce specific application server logic and is defaulting to using standard J2EE calls
2015-09-01 08:19:41,039 DEBUG  [JaasConfiguration] Default JAAS Configuration: 
FileNetP8WSI {
    com.filenet.api.util.WSILoginModule required;
}
 
FileNetP8 {
    com.filenet.api.util.WSILoginModule required;
}
 
FileNetP8Server {
    com.filenet.api.util.WSILoginModule required;
}
 
FileNetP8Engine {
    com.filenet.api.util.WSILoginModule required;
}
 
2015-09-01 08:19:41,041 DEBUG  [ConfigValueLookup] Configuration for:com.filenet.api.useLocalAuthentication value:null applied
2015-09-01 08:19:41,041 DEBUG  [JaasConfiguration] No configured JAAS entry found for: 'FileNetP8WSI'...trying 'other'
2015-09-01 08:19:41,041 DEBUG  [JaasConfiguration] No configured JAAS entry found for: 'other'
2015-09-01 08:19:41,041 DEBUG  [JaasConfiguration] Default JAAS entry found for:FileNetP8WSI
2015-09-01 08:19:41,045 DEBUG  [UserContext] UserContext <10680806> created in Thread  <26966763>
2015-09-01 08:19:41,264 DEBUG  [ConfigValueLookup] Configuration for:CheetahBCMode value:false applied
2015-09-01 08:19:41,300 DEBUG  [SessionLocator] Server Session constructor will not be used:java.lang.ClassNotFoundException: com.filenet.engine.context.ServerSession
2015-09-01 08:19:41,309 DEBUG  [SessionLocator] EJB Session constructor com.filenet.apiimpl.transport.ejb.EJBSession found
2015-09-01 08:19:41,309 DEBUG  [SessionLocator] No session entry found in the cache for http://ax-svc-03222.odjfs.state.oh.us:9080/wsi/fncews40mtom/
2015-09-01 08:19:41,309 DEBUG  [SessionLocator] SessionLocator.createNewSoapSession called with providerURL http://ax-svc-03222.odjfs.state.oh.us:9080 path /wsi/FNCEWS40MTOM/
2015-09-01 08:19:41,309 DEBUG  [SessionLocator] Instantiating a SoapSession instance using uri http://ax-svc-03222.odjfs.state.oh.us:9080/wsi/FNCEWS40MTOM/
2015-09-01 08:19:41,332 DEBUG  [ServiceSessionNst] IBM FileNet P8 CE Java API (5.1.0 / dap501.000.004.020)
2015-09-01 08:19:41,332 DEBUG  [ConfigValueLookup] Configuration for:com.filenet.engine.init.DefaultLocale value:en-us applied
2015-09-01 08:19:41,333 DEBUG  [ConfigurationParameters] loadMap: skipping unknown key=ProductVersion
2015-09-01 08:19:41,333 DEBUG  [ConfigurationParameters] loadMap: skipping unknown key=BuildVersion
2015-09-01 08:19:41,334 DEBUG  [ConfigurationParameters] loadMap: skipping unknown key=ProductName
2015-09-01 08:19:41,340 DEBUG  [SessionLocator] Remote session is returned and will be wrapped in a session handle for retry conditions
2015-09-01 08:19:41,340 DEBUG  [ConfigValueLookup] Configuration for:MaximumRetry value:null applied
2015-09-01 08:19:41,340 DEBUG  [ConfigValueLookup] Configuration for:ExpireSessionInterval value:null applied
2015-09-01 08:19:41,343 DEBUG  [ConfigValueLookup] Configuration for:BuildVersion value:dap501.000.004.020 applied
2015-09-01 08:19:41,349 DEBUG  [ConfigValueLookup] Configuration for:TraceReaderClass value: applied
2015-09-01 08:19:41,349 DEBUG  [ConfigValueLookup] Configuration for:TraceMaxChars value:null applied
2015-09-01 08:19:41,350 DEBUG  [ConfigValueLookup] Configuration for:TraceMaxBytes value:null applied
2015-09-01 08:19:41,350 DEBUG  [ConfigValueLookup] Configuration for:TraceByteRadix value:null applied
2015-09-01 08:19:41,355 DEBUG  [ConfigValueLookup] Configuration for:TraceOutputProperties value: applied
2015-09-01 08:19:41,374 DEBUG  [Session] <getObjectsRequest clientCaller="com.sun.org.apache.xalan.internal.xsltc.trax.TransformerImpl.transformIdentity(Unknown Source)" cacheAllowed="true" correlationId="1" rid="1">
  <objectReference type="GlobalIdentity" classIdentity="ObjectStore" identity="OFCL_UAT_OS" rid="2"/>
</getObjectsRequest>
2015-09-01 08:19:41,382 DEBUG  [ServiceSessionNst] Serialize GetObjectsRequest/GetObjectsResponse using ServiceSessionNst@1788380
2015-09-01 08:19:41,384 DEBUG  [ServiceSessionNst] URL openConnection done
2015-09-01 08:19:41,384 DEBUG  [ConfigValueLookup] Configuration for:FileNet.WSI.HttpChunkSize value:null applied
2015-09-01 08:19:41,386 DEBUG  [ConfigValueLookup] Configuration for:FileNet.WSI.TransportConnectionTimeout value:null applied
2015-09-01 08:19:41,386 DEBUG  [AttachmentHelperNst] unique piece: a33374c091d713b5-14f88d938ca
2015-09-01 08:19:41,386 DEBUG  [AttachmentHelperNst] Attachment 0 content ID: v0-a33374c091d713b5-14f88d938ca@mtom.p8ce.filenet.com
2015-09-01 08:19:41,387 DEBUG  [ServiceSessionNst] HTTP request properties {Date=[Tue, 1 Sep 2015 12:19:41 +0000], User-Agent=[IBM FileNet P8 CE Java API (5.1.0 / dap501.000.004.020)], Content-Type=[application/soap+xml]}
2015-09-01 08:19:42,447 DEBUG  [EngineRuntimeException] com.filenet.api.exception.EngineRuntimeException: FNRCA0031E: API_UNABLE_TO_USE_CONNECTION: The URI for server communication cannot be determined from the connection object http://ax-svc-03222.odjfs.state.oh.us:9080/wsi/FNCEWS40MTOM/.
	at com.filenet.apiimpl.wsi.ServiceSessionNst.cOpenMultipartOutputStream(ServiceSessionNst.java:239)
	at com.filenet.apiimpl.wsi.ServiceSessionNst.cReqRespPath(ServiceSessionNst.java:134)
	at com.filenet.apiimpl.wsi.ServiceSessionNst.getObjects(ServiceSessionNst.java:104)
	at com.filenet.apiimpl.util.SessionHandle.getObjects(SessionHandle.java:381)
	at com.filenet.apiimpl.core.Session.callGetObjects(Session.java:129)
	at com.filenet.apiimpl.core.Session.executeGetObject(Session.java:327)
	at com.filenet.apiimpl.core.Session.getObject(Session.java:341)
	at com.filenet.apiimpl.core.IndependentObjectImpl.getObject(IndependentObjectImpl.java:149)
	at com.filenet.apiimpl.core.IndependentObjectImpl.refresh(IndependentObjectImpl.java:46)
	at gov.ohio.jfs.oat.fn.cpi.FileNetExtractor.extract(FileNetExtractor.java:75)
	at gov.ohio.jfs.oat.fn.cpi.ExtractCPILogs.main(ExtractCPILogs.java:54)
Caused by: java.net.ConnectException: Connection refused: connect
	at java.net.DualStackPlainSocketImpl.waitForConnect(Native Method)
	at java.net.DualStackPlainSocketImpl.socketConnect(Unknown Source)
	at java.net.AbstractPlainSocketImpl.doConnect(Unknown Source)
	at java.net.AbstractPlainSocketImpl.connectToAddress(Unknown Source)
	at java.net.AbstractPlainSocketImpl.connect(Unknown Source)
	at java.net.PlainSocketImpl.connect(Unknown Source)
	at java.net.SocksSocketImpl.connect(Unknown Source)
	at java.net.Socket.connect(Unknown Source)
	at sun.net.NetworkClient.doConnect(Unknown Source)
	at sun.net.www.http.HttpClient.openServer(Unknown Source)
	at sun.net.www.http.HttpClient.openServer(Unknown Source)
	at sun.net.www.http.HttpClient.<init>(Unknown Source)
	at sun.net.www.http.HttpClient.New(Unknown Source)
	at sun.net.www.http.HttpClient.New(Unknown Source)
	at sun.net.www.protocol.http.HttpURLConnection.getNewHttpClient(Unknown Source)
	at sun.net.www.protocol.http.HttpURLConnection.plainConnect(Unknown Source)
	at sun.net.www.protocol.http.HttpURLConnection.connect(Unknown Source)
	at com.filenet.apiimpl.wsi.ServiceSessionNst$1.run(ServiceSessionNst.java:351)
	at java.security.AccessController.doPrivileged(Native Method)
	at com.filenet.apiimpl.wsi.ServiceSessionNst.cDoPrivilegedHttpConnectAndGetOutputStream(ServiceSessionNst.java:360)
	at com.filenet.apiimpl.wsi.ServiceSessionNst.cInitHttpConnection(ServiceSessionNst.java:321)
	at com.filenet.apiimpl.wsi.ServiceSessionNst.cOpenMultipartOutputStream(ServiceSessionNst.java:231)
	... 10 more
2015-09-01 08:19:42,453 DEBUG  [Session] <getObjectsResponse type="EngineRuntimeException" elapsed="1071" rid="1">
com.filenet.api.exception.EngineRuntimeException: FNRCA0031E: API_UNABLE_TO_USE_CONNECTION: The URI for server communication cannot be determined from the connection object http://ax-svc-03222.odjfs.state.oh.us:9080/wsi/FNCEWS40MTOM/.
	at com.filenet.apiimpl.wsi.ServiceSessionNst.cOpenMultipartOutputStream(ServiceSessionNst.java:239)
	at com.filenet.apiimpl.wsi.ServiceSessionNst.cReqRespPath(ServiceSessionNst.java:134)
	at com.filenet.apiimpl.wsi.ServiceSessionNst.getObjects(ServiceSessionNst.java:104)
	at com.filenet.apiimpl.util.SessionHandle.getObjects(SessionHandle.java:381)
	at com.filenet.apiimpl.core.Session.callGetObjects(Session.java:129)
	at com.filenet.apiimpl.core.Session.executeGetObject(Session.java:327)
	at com.filenet.apiimpl.core.Session.getObject(Session.java:341)
	at com.filenet.apiimpl.core.IndependentObjectImpl.getObject(IndependentObjectImpl.java:149)
	at com.filenet.apiimpl.core.IndependentObjectImpl.refresh(IndependentObjectImpl.java:46)
	at gov.ohio.jfs.oat.fn.cpi.FileNetExtractor.extract(FileNetExtractor.java:75)
	at gov.ohio.jfs.oat.fn.cpi.ExtractCPILogs.main(ExtractCPILogs.java:54)
Caused by: java.net.ConnectException: Connection refused: connect
	at java.net.DualStackPlainSocketImpl.waitForConnect(Native Method)
	at java.net.DualStackPlainSocketImpl.socketConnect(Unknown Source)
	at java.net.AbstractPlainSocketImpl.doConnect(Unknown Source)
	at java.net.AbstractPlainSocketImpl.connectToAddress(Unknown Source)
	at java.net.AbstractPlainSocketImpl.connect(Unknown Source)
	at java.net.PlainSocketImpl.connect(Unknown Source)
	at java.net.SocksSocketImpl.connect(Unknown Source)
	at java.net.Socket.connect(Unknown Source)
	at sun.net.NetworkClient.doConnect(Unknown Source)
	at sun.net.www.http.HttpClient.openServer(Unknown Source)
	at sun.net.www.http.HttpClient.openServer(Unknown Source)
	at sun.net.www.http.HttpClient.&lt;init&gt;(Unknown Source)
	at sun.net.www.http.HttpClient.New(Unknown Source)
	at sun.net.www.http.HttpClient.New(Unknown Source)
	at sun.net.www.protocol.http.HttpURLConnection.getNewHttpClient(Unknown Source)
	at sun.net.www.protocol.http.HttpURLConnection.plainConnect(Unknown Source)
	at sun.net.www.protocol.http.HttpURLConnection.connect(Unknown Source)
	at com.filenet.apiimpl.wsi.ServiceSessionNst$1.run(ServiceSessionNst.java:351)
	at java.security.AccessController.doPrivileged(Native Method)
	at com.filenet.apiimpl.wsi.ServiceSessionNst.cDoPrivilegedHttpConnectAndGetOutputStream(ServiceSessionNst.java:360)
	at com.filenet.apiimpl.wsi.ServiceSessionNst.cInitHttpConnection(ServiceSessionNst.java:321)
	at com.filenet.apiimpl.wsi.ServiceSessionNst.cOpenMultipartOutputStream(ServiceSessionNst.java:231)
	... 10 more
</getObjectsResponse>
2015-09-01 08:21:02,074 INFO   [ExtractCPILogs] Application Name: FN_OFCBC
2015-09-01 08:21:02,074 DEBUG  [ExtractCPILogs] FN_OFCBC.properties
2015-09-01 08:21:02,074 INFO   [ExtractCPILogs] Application Property File: FN_OFCBC.properties
2015-09-01 08:21:02,142 INFO   [ConfigValueLookup] Configuration property file search order:
    user.dir = C:\git\KWONS\workspace\ExtractCPILog
    user.home = C:\Users\KWONS
    java.home = C:\Program Files (x86)\Java\jre7
2015-09-01 08:21:02,171 INFO   [ConfigValueLookup] Loading configuration resource: FileNetBuild.properties
2015-09-01 08:21:02,172 DEBUG  [ConfigValueLookup] Configuration for:Config.AutoRefreshEnabled value:null applied
2015-09-01 08:21:02,172 DEBUG  [ConfigValueLookup] Configuration for:com.filenet.engine.LoggerRefreshInterval value:null applied
2015-09-01 08:21:02,277 DEBUG  [ConfigValueLookup] Configuration for:FileNet.EJB.ContextProperties value:null applied
2015-09-01 08:21:02,277 DEBUG  [J2EEUtil] JVM global FileNet.EJB.ContextProperties: null
2015-09-01 08:21:02,277 DEBUG  [J2EEUtil] J2EEUtil.getInitialContextWithParameters JNDI Environment (a): {}
2015-09-01 08:21:02,279 DEBUG  [J2EEUtil] J2EEUtil.getInitialContextWithParameters caught and ignored (harmless): javax.naming.NoInitialContextException: Need to specify class name in environment or system property, or as an applet parameter, or in an application resource file:  java.naming.factory.initial
2015-09-01 08:21:02,279 DEBUG  [J2EEUtil] J2EEUtil.getInitialContextWithParameters computed java.naming.factory.initial: null
2015-09-01 08:21:02,279 DEBUG  [J2EEUtil] J2EEUtil.getInitialContextWithParameters JNDI Environment (b): {}
2015-09-01 08:21:02,279 DEBUG  [J2EEUtil] getInitialContextFactory() failed because of the following error: javax.naming.NoInitialContextException: Need to specify class name in environment or system property, or as an applet parameter, or in an application resource file:  java.naming.factory.initial
2015-09-01 08:21:02,279 DEBUG  [J2EEUtil] JNDI did not reveal an appserver, so looking for known classes on the classpath
2015-09-01 08:21:02,279 DEBUG  [J2EEUtil] WebSphere class com.ibm.websphere.naming.WsnInitialContextFactory not used because of the following error: java.lang.ClassNotFoundException: com.ibm.websphere.naming.WsnInitialContextFactory
2015-09-01 08:21:02,279 DEBUG  [J2EEUtil] WebLogic class weblogic.jndi.WLInitialContextFactory not used because of the following error: java.lang.ClassNotFoundException: weblogic.jndi.WLInitialContextFactory
2015-09-01 08:21:02,279 DEBUG  [J2EEUtil] JBoss class org.jnp.interfaces.NamingContextFactory not used because of the following error: java.lang.ClassNotFoundException: org.jnp.interfaces.NamingContextFactory
2015-09-01 08:21:02,280 DEBUG  [J2EEUtil] The code has NOT detected a need to introduce specific application server logic and is defaulting to using standard J2EE calls
2015-09-01 08:21:02,281 DEBUG  [JaasConfiguration] Default JAAS Configuration: 
FileNetP8WSI {
    com.filenet.api.util.WSILoginModule required;
}
 
FileNetP8 {
    com.filenet.api.util.WSILoginModule required;
}
 
FileNetP8Server {
    com.filenet.api.util.WSILoginModule required;
}
 
FileNetP8Engine {
    com.filenet.api.util.WSILoginModule required;
}
 
2015-09-01 08:21:02,282 DEBUG  [ConfigValueLookup] Configuration for:com.filenet.api.useLocalAuthentication value:null applied
2015-09-01 08:21:02,282 DEBUG  [JaasConfiguration] No configured JAAS entry found for: 'FileNetP8WSI'...trying 'other'
2015-09-01 08:21:02,282 DEBUG  [JaasConfiguration] No configured JAAS entry found for: 'other'
2015-09-01 08:21:02,282 DEBUG  [JaasConfiguration] Default JAAS entry found for:FileNetP8WSI
2015-09-01 08:21:02,286 DEBUG  [UserContext] UserContext <10680806> created in Thread  <26966763>
2015-09-01 08:21:02,503 DEBUG  [ConfigValueLookup] Configuration for:CheetahBCMode value:false applied
2015-09-01 08:21:02,539 DEBUG  [SessionLocator] Server Session constructor will not be used:java.lang.ClassNotFoundException: com.filenet.engine.context.ServerSession
2015-09-01 08:21:02,548 DEBUG  [SessionLocator] EJB Session constructor com.filenet.apiimpl.transport.ejb.EJBSession found
2015-09-01 08:21:02,548 DEBUG  [SessionLocator] No session entry found in the cache for http://ax-svc-03222.odjfs.state.oh.us:9092/wsi/fncews40mtom/
2015-09-01 08:21:02,548 DEBUG  [SessionLocator] SessionLocator.createNewSoapSession called with providerURL http://ax-svc-03222.odjfs.state.oh.us:9092 path /wsi/FNCEWS40MTOM/
2015-09-01 08:21:02,548 DEBUG  [SessionLocator] Instantiating a SoapSession instance using uri http://ax-svc-03222.odjfs.state.oh.us:9092/wsi/FNCEWS40MTOM/
2015-09-01 08:21:02,570 DEBUG  [ServiceSessionNst] IBM FileNet P8 CE Java API (5.1.0 / dap501.000.004.020)
2015-09-01 08:21:02,571 DEBUG  [ConfigValueLookup] Configuration for:com.filenet.engine.init.DefaultLocale value:en-us applied
2015-09-01 08:21:02,572 DEBUG  [ConfigurationParameters] loadMap: skipping unknown key=ProductVersion
2015-09-01 08:21:02,572 DEBUG  [ConfigurationParameters] loadMap: skipping unknown key=BuildVersion
2015-09-01 08:21:02,572 DEBUG  [ConfigurationParameters] loadMap: skipping unknown key=ProductName
2015-09-01 08:21:02,578 DEBUG  [SessionLocator] Remote session is returned and will be wrapped in a session handle for retry conditions
2015-09-01 08:21:02,579 DEBUG  [ConfigValueLookup] Configuration for:MaximumRetry value:null applied
2015-09-01 08:21:02,579 DEBUG  [ConfigValueLookup] Configuration for:ExpireSessionInterval value:null applied
2015-09-01 08:21:02,582 DEBUG  [ConfigValueLookup] Configuration for:BuildVersion value:dap501.000.004.020 applied
2015-09-01 08:21:02,588 DEBUG  [ConfigValueLookup] Configuration for:TraceReaderClass value: applied
2015-09-01 08:21:02,588 DEBUG  [ConfigValueLookup] Configuration for:TraceMaxChars value:null applied
2015-09-01 08:21:02,588 DEBUG  [ConfigValueLookup] Configuration for:TraceMaxBytes value:null applied
2015-09-01 08:21:02,589 DEBUG  [ConfigValueLookup] Configuration for:TraceByteRadix value:null applied
2015-09-01 08:21:02,594 DEBUG  [ConfigValueLookup] Configuration for:TraceOutputProperties value: applied
2015-09-01 08:21:02,613 DEBUG  [Session] <getObjectsRequest clientCaller="com.sun.org.apache.xalan.internal.xsltc.trax.TransformerImpl.transformIdentity(Unknown Source)" cacheAllowed="true" correlationId="1" rid="1">
  <objectReference type="GlobalIdentity" classIdentity="ObjectStore" identity="OFCL_UAT_OS" rid="2"/>
</getObjectsRequest>
2015-09-01 08:21:02,620 DEBUG  [ServiceSessionNst] Serialize GetObjectsRequest/GetObjectsResponse using ServiceSessionNst@1788380
2015-09-01 08:21:02,623 DEBUG  [ServiceSessionNst] URL openConnection done
2015-09-01 08:21:02,623 DEBUG  [ConfigValueLookup] Configuration for:FileNet.WSI.HttpChunkSize value:null applied
2015-09-01 08:21:02,624 DEBUG  [ConfigValueLookup] Configuration for:FileNet.WSI.TransportConnectionTimeout value:null applied
2015-09-01 08:21:02,624 DEBUG  [AttachmentHelperNst] unique piece: c08b00c1a4588a31-14f88da7620
2015-09-01 08:21:02,624 DEBUG  [AttachmentHelperNst] Attachment 0 content ID: v0-c08b00c1a4588a31-14f88da7620@mtom.p8ce.filenet.com
2015-09-01 08:21:02,625 DEBUG  [ServiceSessionNst] HTTP request properties {Date=[Tue, 1 Sep 2015 12:21:02 +0000], User-Agent=[IBM FileNet P8 CE Java API (5.1.0 / dap501.000.004.020)], Content-Type=[application/soap+xml]}
2015-09-01 08:21:02,631 DEBUG  [ServiceSessionNst] HTTP connect done
2015-09-01 08:21:02,632 DEBUG  [ServiceSessionNst] HTTP getOutputStream done
2015-09-01 08:21:02,632 DEBUG  [ConfigValueLookup] Configuration for:FileNet.WSI.stax.XMLOutputFactory value:com.ibm.xml.xlxp.api.stax.XMLOutputFactoryImpl applied
2015-09-01 08:21:02,737 DEBUG  [ConfigValueLookup] Configuration for:WSITypeAttributeRequired value:null applied
2015-09-01 08:21:02,737 DEBUG  [ConfigValueLookup] Configuration for:WSIDefaultNamespacePermitted value:null applied
2015-09-01 08:21:02,743 DEBUG  [ClientOperation] Using Principal<FileNet-P8Admin> from UserContext
2015-09-01 08:21:02,747 DEBUG  [ServiceSessionNst] SOAP /Envelope done
2015-09-01 08:21:02,747 DEBUG  [ServiceSessionNst] HTTP outputStream closed
2015-09-01 08:21:02,747 DEBUG  [ServiceSessionNst] Deserialize GetObjectsRequest/GetObjectsResponse using ServiceSessionNst@1788380
2015-09-01 08:21:17,848 DEBUG  [ServiceSessionNst] HTTP getInputStream done
2015-09-01 08:21:17,849 DEBUG  [ServiceSessionNst] HTTP response properties {null=[HTTP/1.1 200 OK], Content-Language=[en-US], X-dynaTrace=[PT=322575;PA=475202791;SP=Filenet 5.1 - UAT;PS=1422310763], Date=[Tue, 01 Sep 2015 12:21:17 GMT], Transfer-Encoding=[chunked], SOAPAction=[""], dynaTrace=[PT=322575;PA=475202791;SP=Filenet 5.1 - UAT;PS=1422310763], User-Agent=[IBM FileNet P8 CE Java API (5.1.0 / dap501.000.004.020)], Content-Type=[application/soap+xml], Server=[WebSphere Application Server/7.0]}
2015-09-01 08:21:17,853 DEBUG  [ConfigValueLookup] Configuration for:FileNet.WSI.stax.XMLInputFactory value:com.ibm.xml.xlxp.api.stax.XMLInputFactoryImpl applied
2015-09-01 08:21:17,978 DEBUG  [TokenReaderNst] token=START_TOKEN name=Envelope depth=0
2015-09-01 08:21:17,978 DEBUG  [TokenReaderNst] token=START_TOKEN name=Body depth=1
2015-09-01 08:21:17,978 DEBUG  [TokenReaderNst] token=START_TOKEN name=GetObjectsResponse depth=2
2015-09-01 08:21:17,978 DEBUG  [TokenReaderNst] token=START_TOKEN name=ObjectResponse depth=3
2015-09-01 08:21:17,979 DEBUG  [TokenReaderNst] token=START_TOKEN name=Object depth=4
2015-09-01 08:21:17,980 DEBUG  [TokenReaderNst] token=START_TOKEN name=Property depth=5
2015-09-01 08:21:17,980 DEBUG  [TokenReaderNst] token=START_TOKEN name=Value depth=6
2015-09-01 08:21:17,982 DEBUG  [TokenReaderNst] token=CONTENT depth=6
2015-09-01 08:21:17,982 DEBUG  [TokenReaderNst] token=END_TOKEN name=Value depth=6
2015-09-01 08:21:17,982 DEBUG  [TokenReaderNst] token=END_TOKEN name=Property depth=5
2015-09-01 08:21:17,982 DEBUG  [TokenReaderNst] token=START_TOKEN name=Property depth=5
2015-09-01 08:21:17,982 DEBUG  [TokenReaderNst] token=END_TOKEN name=Property depth=5
2015-09-01 08:21:17,983 DEBUG  [TokenReaderNst] token=START_TOKEN name=Property depth=5
2015-09-01 08:21:17,983 DEBUG  [TokenReaderNst] token=END_TOKEN name=Property depth=5
2015-09-01 08:21:17,983 DEBUG  [TokenReaderNst] token=START_TOKEN name=Property depth=5
2015-09-01 08:21:17,984 DEBUG  [TokenReaderNst] token=START_TOKEN name=Value depth=6
2015-09-01 08:21:17,984 DEBUG  [TokenReaderNst] token=END_TOKEN name=Value depth=6
2015-09-01 08:21:17,984 DEBUG  [TokenReaderNst] token=END_TOKEN name=Property depth=5
2015-09-01 08:21:17,985 DEBUG  [TokenReaderNst] token=START_TOKEN name=Property depth=5
2015-09-01 08:21:17,985 DEBUG  [TokenReaderNst] token=END_TOKEN name=Property depth=5
2015-09-01 08:21:17,985 DEBUG  [TokenReaderNst] token=START_TOKEN name=Property depth=5
2015-09-01 08:21:17,985 DEBUG  [TokenReaderNst] token=END_TOKEN name=Property depth=5
2015-09-01 08:21:17,985 DEBUG  [TokenReaderNst] token=START_TOKEN name=Property depth=5
2015-09-01 08:21:17,985 DEBUG  [TokenReaderNst] token=START_TOKEN name=Value depth=6
2015-09-01 08:21:17,985 DEBUG  [TokenReaderNst] token=CONTENT depth=6
2015-09-01 08:21:17,985 DEBUG  [TokenReaderNst] token=END_TOKEN name=Value depth=6
2015-09-01 08:21:17,985 DEBUG  [TokenReaderNst] token=END_TOKEN name=Property depth=5
2015-09-01 08:21:17,985 DEBUG  [TokenReaderNst] token=START_TOKEN name=Property depth=5
2015-09-01 08:21:17,985 DEBUG  [TokenReaderNst] token=START_TOKEN name=Value depth=6
2015-09-01 08:21:17,986 DEBUG  [TokenReaderNst] token=CONTENT depth=6
2015-09-01 08:21:17,986 DEBUG  [TokenReaderNst] token=END_TOKEN name=Value depth=6
2015-09-01 08:21:17,986 DEBUG  [TokenReaderNst] token=END_TOKEN name=Property depth=5
2015-09-01 08:21:17,986 DEBUG  [TokenReaderNst] token=START_TOKEN name=Property depth=5
2015-09-01 08:21:17,986 DEBUG  [TokenReaderNst] token=START_TOKEN name=Value depth=6
2015-09-01 08:21:17,986 DEBUG  [TokenReaderNst] token=CONTENT depth=6
2015-09-01 08:21:17,986 DEBUG  [TokenReaderNst] token=END_TOKEN name=Value depth=6
2015-09-01 08:21:17,986 DEBUG  [TokenReaderNst] token=END_TOKEN name=Property depth=5
2015-09-01 08:21:17,986 DEBUG  [TokenReaderNst] token=START_TOKEN name=Property depth=5
2015-09-01 08:21:17,986 DEBUG  [TokenReaderNst] token=START_TOKEN name=Value depth=6
2015-09-01 08:21:17,986 DEBUG  [TokenReaderNst] token=CONTENT depth=6
2015-09-01 08:21:17,986 DEBUG  [TokenReaderNst] token=END_TOKEN name=Value depth=6
2015-09-01 08:21:17,987 DEBUG  [TokenReaderNst] token=END_TOKEN name=Property depth=5
2015-09-01 08:21:17,987 DEBUG  [TokenReaderNst] token=START_TOKEN name=Property depth=5
2015-09-01 08:21:17,987 DEBUG  [TokenReaderNst] token=END_TOKEN name=Property depth=5
2015-09-01 08:21:17,987 DEBUG  [TokenReaderNst] token=START_TOKEN name=Property depth=5
2015-09-01 08:21:17,988 DEBUG  [TokenReaderNst] token=END_TOKEN name=Property depth=5
2015-09-01 08:21:17,988 DEBUG  [TokenReaderNst] token=START_TOKEN name=Property depth=5
2015-09-01 08:21:17,988 DEBUG  [TokenReaderNst] token=END_TOKEN name=Property depth=5
2015-09-01 08:21:17,988 DEBUG  [TokenReaderNst] token=START_TOKEN name=Property depth=5
2015-09-01 08:21:17,988 DEBUG  [TokenReaderNst] token=START_TOKEN name=Value depth=6
2015-09-01 08:21:17,988 DEBUG  [TokenReaderNst] token=CONTENT depth=6
2015-09-01 08:21:17,988 DEBUG  [TokenReaderNst] token=END_TOKEN name=Value depth=6
2015-09-01 08:21:17,988 DEBUG  [TokenReaderNst] token=END_TOKEN name=Property depth=5
2015-09-01 08:21:17,988 DEBUG  [TokenReaderNst] token=START_TOKEN name=Property depth=5
2015-09-01 08:21:17,988 DEBUG  [TokenReaderNst] token=END_TOKEN name=Property depth=5
2015-09-01 08:21:17,988 DEBUG  [TokenReaderNst] token=START_TOKEN name=Property depth=5
2015-09-01 08:21:17,988 DEBUG  [TokenReaderNst] token=START_TOKEN name=Value depth=6
2015-09-01 08:21:17,988 DEBUG  [TokenReaderNst] token=CONTENT depth=6
2015-09-01 08:21:17,989 DEBUG  [TokenReaderNst] token=END_TOKEN name=Value depth=6
2015-09-01 08:21:17,989 DEBUG  [TokenReaderNst] token=END_TOKEN name=Property depth=5
2015-09-01 08:21:17,989 DEBUG  [TokenReaderNst] token=START_TOKEN name=Property depth=5
2015-09-01 08:21:17,989 DEBUG  [TokenReaderNst] token=START_TOKEN name=Value depth=6
2015-09-01 08:21:17,989 DEBUG  [TokenReaderNst] token=CONTENT depth=6
2015-09-01 08:21:17,989 DEBUG  [TokenReaderNst] token=END_TOKEN name=Value depth=6
2015-09-01 08:21:17,989 DEBUG  [TokenReaderNst] token=END_TOKEN name=Property depth=5
2015-09-01 08:21:17,989 DEBUG  [TokenReaderNst] token=START_TOKEN name=Property depth=5
2015-09-01 08:21:17,989 DEBUG  [TokenReaderNst] token=START_TOKEN name=Value depth=6
2015-09-01 08:21:17,989 DEBUG  [TokenReaderNst] token=CONTENT depth=6
2015-09-01 08:21:17,989 DEBUG  [TokenReaderNst] token=END_TOKEN name=Value depth=6
2015-09-01 08:21:17,989 DEBUG  [TokenReaderNst] token=END_TOKEN name=Property depth=5
2015-09-01 08:21:17,989 DEBUG  [TokenReaderNst] token=START_TOKEN name=Property depth=5
2015-09-01 08:21:17,989 DEBUG  [TokenReaderNst] token=START_TOKEN name=Value depth=6
2015-09-01 08:21:17,990 DEBUG  [TokenReaderNst] token=CONTENT depth=6
2015-09-01 08:21:17,990 DEBUG  [TokenReaderNst] token=END_TOKEN name=Value depth=6
2015-09-01 08:21:17,990 DEBUG  [TokenReaderNst] token=END_TOKEN name=Property depth=5
2015-09-01 08:21:17,990 DEBUG  [TokenReaderNst] token=START_TOKEN name=Property depth=5
2015-09-01 08:21:17,990 DEBUG  [TokenReaderNst] token=END_TOKEN name=Property depth=5
2015-09-01 08:21:17,990 DEBUG  [TokenReaderNst] token=START_TOKEN name=Property depth=5
2015-09-01 08:21:17,990 DEBUG  [TokenReaderNst] token=START_TOKEN name=Value depth=6
2015-09-01 08:21:17,990 DEBUG  [TokenReaderNst] token=CONTENT depth=6
2015-09-01 08:21:17,990 DEBUG  [TokenReaderNst] token=END_TOKEN name=Value depth=6
2015-09-01 08:21:17,990 DEBUG  [TokenReaderNst] token=END_TOKEN name=Property depth=5
2015-09-01 08:21:17,990 DEBUG  [TokenReaderNst] token=START_TOKEN name=Property depth=5
2015-09-01 08:21:17,990 DEBUG  [TokenReaderNst] token=START_TOKEN name=Value depth=6
2015-09-01 08:21:17,990 DEBUG  [TokenReaderNst] token=CONTENT depth=6
2015-09-01 08:21:17,990 DEBUG  [TokenReaderNst] token=END_TOKEN name=Value depth=6
2015-09-01 08:21:17,990 DEBUG  [TokenReaderNst] token=END_TOKEN name=Property depth=5
2015-09-01 08:21:17,990 DEBUG  [TokenReaderNst] token=START_TOKEN name=Property depth=5
2015-09-01 08:21:17,991 DEBUG  [TokenReaderNst] token=START_TOKEN name=Value depth=6
2015-09-01 08:21:17,991 DEBUG  [TokenReaderNst] token=CONTENT depth=6
2015-09-01 08:21:17,991 DEBUG  [TokenReaderNst] token=END_TOKEN name=Value depth=6
2015-09-01 08:21:17,991 DEBUG  [TokenReaderNst] token=END_TOKEN name=Property depth=5
2015-09-01 08:21:17,991 DEBUG  [TokenReaderNst] token=START_TOKEN name=Property depth=5
2015-09-01 08:21:17,991 DEBUG  [TokenReaderNst] token=END_TOKEN name=Property depth=5
2015-09-01 08:21:17,991 DEBUG  [TokenReaderNst] token=START_TOKEN name=Property depth=5
2015-09-01 08:21:17,991 DEBUG  [TokenReaderNst] token=END_TOKEN name=Property depth=5
2015-09-01 08:21:17,991 DEBUG  [TokenReaderNst] token=START_TOKEN name=Property depth=5
2015-09-01 08:21:17,991 DEBUG  [TokenReaderNst] token=START_TOKEN name=Value depth=6
2015-09-01 08:21:17,991 DEBUG  [TokenReaderNst] token=CONTENT depth=6
2015-09-01 08:21:17,991 DEBUG  [TokenReaderNst] token=END_TOKEN name=Value depth=6
2015-09-01 08:21:17,991 DEBUG  [TokenReaderNst] token=END_TOKEN name=Property depth=5
2015-09-01 08:21:17,991 DEBUG  [TokenReaderNst] token=START_TOKEN name=Property depth=5
2015-09-01 08:21:17,991 DEBUG  [TokenReaderNst] token=START_TOKEN name=Value depth=6
2015-09-01 08:21:17,992 DEBUG  [TokenReaderNst] token=CONTENT depth=6
2015-09-01 08:21:17,992 DEBUG  [TokenReaderNst] token=END_TOKEN name=Value depth=6
2015-09-01 08:21:17,992 DEBUG  [TokenReaderNst] token=END_TOKEN name=Property depth=5
2015-09-01 08:21:17,992 DEBUG  [TokenReaderNst] token=START_TOKEN name=Property depth=5
2015-09-01 08:21:17,992 DEBUG  [TokenReaderNst] token=START_TOKEN name=Value depth=6
2015-09-01 08:21:17,992 DEBUG  [TokenReaderNst] token=END_TOKEN name=Value depth=6
2015-09-01 08:21:17,992 DEBUG  [TokenReaderNst] token=END_TOKEN name=Property depth=5
2015-09-01 08:21:17,992 DEBUG  [TokenReaderNst] token=START_TOKEN name=Property depth=5
2015-09-01 08:21:17,992 DEBUG  [TokenReaderNst] token=START_TOKEN name=Value depth=6
2015-09-01 08:21:17,992 DEBUG  [TokenReaderNst] token=CONTENT depth=6
2015-09-01 08:21:17,992 DEBUG  [TokenReaderNst] token=END_TOKEN name=Value depth=6
2015-09-01 08:21:17,992 DEBUG  [TokenReaderNst] token=END_TOKEN name=Property depth=5
2015-09-01 08:21:17,992 DEBUG  [TokenReaderNst] token=START_TOKEN name=Property depth=5
2015-09-01 08:21:17,992 DEBUG  [TokenReaderNst] token=START_TOKEN name=Value depth=6
2015-09-01 08:21:17,993 DEBUG  [TokenReaderNst] token=CONTENT depth=6
2015-09-01 08:21:17,993 DEBUG  [TokenReaderNst] token=END_TOKEN name=Value depth=6
2015-09-01 08:21:17,993 DEBUG  [TokenReaderNst] token=END_TOKEN name=Property depth=5
2015-09-01 08:21:17,993 DEBUG  [TokenReaderNst] token=START_TOKEN name=Property depth=5
2015-09-01 08:21:17,993 DEBUG  [TokenReaderNst] token=START_TOKEN name=Value depth=6
2015-09-01 08:21:17,993 DEBUG  [TokenReaderNst] token=CONTENT depth=6
2015-09-01 08:21:17,993 DEBUG  [TokenReaderNst] token=END_TOKEN name=Value depth=6
2015-09-01 08:21:17,993 DEBUG  [TokenReaderNst] token=END_TOKEN name=Property depth=5
2015-09-01 08:21:17,993 DEBUG  [TokenReaderNst] token=START_TOKEN name=Property depth=5
2015-09-01 08:21:17,993 DEBUG  [TokenReaderNst] token=START_TOKEN name=Value depth=6
2015-09-01 08:21:17,993 DEBUG  [TokenReaderNst] token=CONTENT depth=6
2015-09-01 08:21:17,993 DEBUG  [TokenReaderNst] token=END_TOKEN name=Value depth=6
2015-09-01 08:21:17,993 DEBUG  [TokenReaderNst] token=START_TOKEN name=Value depth=6
2015-09-01 08:21:17,993 DEBUG  [TokenReaderNst] token=CONTENT depth=6
2015-09-01 08:21:17,993 DEBUG  [TokenReaderNst] token=END_TOKEN name=Value depth=6
2015-09-01 08:21:17,994 DEBUG  [TokenReaderNst] token=START_TOKEN name=Value depth=6
2015-09-01 08:21:17,994 DEBUG  [TokenReaderNst] token=CONTENT depth=6
2015-09-01 08:21:17,994 DEBUG  [TokenReaderNst] token=END_TOKEN name=Value depth=6
2015-09-01 08:21:17,994 DEBUG  [TokenReaderNst] token=START_TOKEN name=Value depth=6
2015-09-01 08:21:17,994 DEBUG  [TokenReaderNst] token=CONTENT depth=6
2015-09-01 08:21:17,994 DEBUG  [TokenReaderNst] token=END_TOKEN name=Value depth=6
2015-09-01 08:21:17,994 DEBUG  [TokenReaderNst] token=START_TOKEN name=Value depth=6
2015-09-01 08:21:17,994 DEBUG  [TokenReaderNst] token=CONTENT depth=6
2015-09-01 08:21:17,994 DEBUG  [TokenReaderNst] token=END_TOKEN name=Value depth=6
2015-09-01 08:21:17,994 DEBUG  [TokenReaderNst] token=START_TOKEN name=Value depth=6
2015-09-01 08:21:17,994 DEBUG  [TokenReaderNst] token=CONTENT depth=6
2015-09-01 08:21:17,994 DEBUG  [TokenReaderNst] token=END_TOKEN name=Value depth=6
2015-09-01 08:21:17,994 DEBUG  [TokenReaderNst] token=START_TOKEN name=Value depth=6
2015-09-01 08:21:17,994 DEBUG  [TokenReaderNst] token=CONTENT depth=6
2015-09-01 08:21:17,994 DEBUG  [TokenReaderNst] token=END_TOKEN name=Value depth=6
2015-09-01 08:21:17,994 DEBUG  [TokenReaderNst] token=START_TOKEN name=Value depth=6
2015-09-01 08:21:17,994 DEBUG  [TokenReaderNst] token=CONTENT depth=6
2015-09-01 08:21:17,994 DEBUG  [TokenReaderNst] token=END_TOKEN name=Value depth=6
2015-09-01 08:21:17,995 DEBUG  [TokenReaderNst] token=START_TOKEN name=Value depth=6
2015-09-01 08:21:17,995 DEBUG  [TokenReaderNst] token=CONTENT depth=6
2015-09-01 08:21:17,995 DEBUG  [TokenReaderNst] token=END_TOKEN name=Value depth=6
2015-09-01 08:21:17,995 DEBUG  [TokenReaderNst] token=START_TOKEN name=Value depth=6
2015-09-01 08:21:17,995 DEBUG  [TokenReaderNst] token=CONTENT depth=6
2015-09-01 08:21:17,995 DEBUG  [TokenReaderNst] token=END_TOKEN name=Value depth=6
2015-09-01 08:21:17,995 DEBUG  [TokenReaderNst] token=START_TOKEN name=Value depth=6
2015-09-01 08:21:17,995 DEBUG  [TokenReaderNst] token=CONTENT depth=6
2015-09-01 08:21:17,995 DEBUG  [TokenReaderNst] token=END_TOKEN name=Value depth=6
2015-09-01 08:21:17,995 DEBUG  [TokenReaderNst] token=START_TOKEN name=Value depth=6
2015-09-01 08:21:17,995 DEBUG  [TokenReaderNst] token=CONTENT depth=6
2015-09-01 08:21:17,995 DEBUG  [TokenReaderNst] token=END_TOKEN name=Value depth=6
2015-09-01 08:21:17,995 DEBUG  [TokenReaderNst] token=START_TOKEN name=Value depth=6
2015-09-01 08:21:17,995 DEBUG  [TokenReaderNst] token=CONTENT depth=6
2015-09-01 08:21:17,995 DEBUG  [TokenReaderNst] token=END_TOKEN name=Value depth=6
2015-09-01 08:21:17,995 DEBUG  [TokenReaderNst] token=START_TOKEN name=Value depth=6
2015-09-01 08:21:17,995 DEBUG  [TokenReaderNst] token=CONTENT depth=6
2015-09-01 08:21:17,995 DEBUG  [TokenReaderNst] token=END_TOKEN name=Value depth=6
2015-09-01 08:21:17,995 DEBUG  [TokenReaderNst] token=START_TOKEN name=Value depth=6
2015-09-01 08:21:17,995 DEBUG  [TokenReaderNst] token=CONTENT depth=6
2015-09-01 08:21:17,996 DEBUG  [TokenReaderNst] token=END_TOKEN name=Value depth=6
2015-09-01 08:21:17,996 DEBUG  [TokenReaderNst] token=START_TOKEN name=Value depth=6
2015-09-01 08:21:17,996 DEBUG  [TokenReaderNst] token=CONTENT depth=6
2015-09-01 08:21:17,996 DEBUG  [TokenReaderNst] token=END_TOKEN name=Value depth=6
2015-09-01 08:21:17,996 DEBUG  [TokenReaderNst] token=START_TOKEN name=Value depth=6
2015-09-01 08:21:17,996 DEBUG  [TokenReaderNst] token=CONTENT depth=6
2015-09-01 08:21:17,996 DEBUG  [TokenReaderNst] token=END_TOKEN name=Value depth=6
2015-09-01 08:21:17,996 DEBUG  [TokenReaderNst] token=START_TOKEN name=Value depth=6
2015-09-01 08:21:17,996 DEBUG  [TokenReaderNst] token=CONTENT depth=6
2015-09-01 08:21:17,996 DEBUG  [TokenReaderNst] token=END_TOKEN name=Value depth=6
2015-09-01 08:21:17,996 DEBUG  [TokenReaderNst] token=START_TOKEN name=Value depth=6
2015-09-01 08:21:17,996 DEBUG  [TokenReaderNst] token=CONTENT depth=6
2015-09-01 08:21:17,996 DEBUG  [TokenReaderNst] token=END_TOKEN name=Value depth=6
2015-09-01 08:21:17,996 DEBUG  [TokenReaderNst] token=START_TOKEN name=Value depth=6
2015-09-01 08:21:17,996 DEBUG  [TokenReaderNst] token=CONTENT depth=6
2015-09-01 08:21:17,996 DEBUG  [TokenReaderNst] token=END_TOKEN name=Value depth=6
2015-09-01 08:21:17,996 DEBUG  [TokenReaderNst] token=START_TOKEN name=Value depth=6
2015-09-01 08:21:17,996 DEBUG  [TokenReaderNst] token=CONTENT depth=6
2015-09-01 08:21:17,996 DEBUG  [TokenReaderNst] token=END_TOKEN name=Value depth=6
2015-09-01 08:21:17,996 DEBUG  [TokenReaderNst] token=START_TOKEN name=Value depth=6
2015-09-01 08:21:17,997 DEBUG  [TokenReaderNst] token=CONTENT depth=6
2015-09-01 08:21:17,997 DEBUG  [TokenReaderNst] token=END_TOKEN name=Value depth=6
2015-09-01 08:21:17,997 DEBUG  [TokenReaderNst] token=START_TOKEN name=Value depth=6
2015-09-01 08:21:17,997 DEBUG  [TokenReaderNst] token=CONTENT depth=6
2015-09-01 08:21:17,997 DEBUG  [TokenReaderNst] token=END_TOKEN name=Value depth=6
2015-09-01 08:21:17,997 DEBUG  [TokenReaderNst] token=START_TOKEN name=Value depth=6
2015-09-01 08:21:17,997 DEBUG  [TokenReaderNst] token=CONTENT depth=6
2015-09-01 08:21:17,997 DEBUG  [TokenReaderNst] token=END_TOKEN name=Value depth=6
2015-09-01 08:21:17,997 DEBUG  [TokenReaderNst] token=START_TOKEN name=Value depth=6
2015-09-01 08:21:17,997 DEBUG  [TokenReaderNst] token=CONTENT depth=6
2015-09-01 08:21:17,997 DEBUG  [TokenReaderNst] token=END_TOKEN name=Value depth=6
2015-09-01 08:21:17,997 DEBUG  [TokenReaderNst] token=START_TOKEN name=Value depth=6
2015-09-01 08:21:17,997 DEBUG  [TokenReaderNst] token=CONTENT depth=6
2015-09-01 08:21:17,997 DEBUG  [TokenReaderNst] token=END_TOKEN name=Value depth=6
2015-09-01 08:21:17,997 DEBUG  [TokenReaderNst] token=START_TOKEN name=Value depth=6
2015-09-01 08:21:17,997 DEBUG  [TokenReaderNst] token=CONTENT depth=6
2015-09-01 08:21:17,997 DEBUG  [TokenReaderNst] token=END_TOKEN name=Value depth=6
2015-09-01 08:21:17,997 DEBUG  [TokenReaderNst] token=START_TOKEN name=Value depth=6
2015-09-01 08:21:17,997 DEBUG  [TokenReaderNst] token=CONTENT depth=6
2015-09-01 08:21:17,997 DEBUG  [TokenReaderNst] token=END_TOKEN name=Value depth=6
2015-09-01 08:21:17,998 DEBUG  [TokenReaderNst] token=START_TOKEN name=Value depth=6
2015-09-01 08:21:17,998 DEBUG  [TokenReaderNst] token=CONTENT depth=6
2015-09-01 08:21:17,998 DEBUG  [TokenReaderNst] token=END_TOKEN name=Value depth=6
2015-09-01 08:21:17,998 DEBUG  [TokenReaderNst] token=START_TOKEN name=Value depth=6
2015-09-01 08:21:17,998 DEBUG  [TokenReaderNst] token=CONTENT depth=6
2015-09-01 08:21:17,998 DEBUG  [TokenReaderNst] token=END_TOKEN name=Value depth=6
2015-09-01 08:21:17,998 DEBUG  [TokenReaderNst] token=END_TOKEN name=Property depth=5
2015-09-01 08:21:18,001 DEBUG  [TokenReaderNst] token=START_TOKEN name=Property depth=5
2015-09-01 08:21:18,001 DEBUG  [TokenReaderNst] token=START_TOKEN name=Value depth=6
2015-09-01 08:21:18,001 DEBUG  [TokenReaderNst] token=CONTENT depth=6
2015-09-01 08:21:18,001 DEBUG  [TokenReaderNst] token=END_TOKEN name=Value depth=6
2015-09-01 08:21:18,001 DEBUG  [TokenReaderNst] token=END_TOKEN name=Property depth=5
2015-09-01 08:21:18,001 DEBUG  [TokenReaderNst] token=START_TOKEN name=Property depth=5
2015-09-01 08:21:18,001 DEBUG  [TokenReaderNst] token=START_TOKEN name=Value depth=6
2015-09-01 08:21:18,001 DEBUG  [TokenReaderNst] token=CONTENT depth=6
2015-09-01 08:21:18,001 DEBUG  [TokenReaderNst] token=END_TOKEN name=Value depth=6
2015-09-01 08:21:18,001 DEBUG  [TokenReaderNst] token=END_TOKEN name=Property depth=5
2015-09-01 08:21:18,001 DEBUG  [TokenReaderNst] token=START_TOKEN name=Property depth=5
2015-09-01 08:21:18,001 DEBUG  [TokenReaderNst] token=END_TOKEN name=Property depth=5
2015-09-01 08:21:18,001 DEBUG  [TokenReaderNst] token=START_TOKEN name=Property depth=5
2015-09-01 08:21:18,001 DEBUG  [TokenReaderNst] token=START_TOKEN name=Value depth=6
2015-09-01 08:21:18,001 DEBUG  [TokenReaderNst] token=CONTENT depth=6
2015-09-01 08:21:18,002 DEBUG  [TokenReaderNst] token=END_TOKEN name=Value depth=6
2015-09-01 08:21:18,002 DEBUG  [TokenReaderNst] token=END_TOKEN name=Property depth=5
2015-09-01 08:21:18,002 DEBUG  [TokenReaderNst] token=START_TOKEN name=Property depth=5
2015-09-01 08:21:18,002 DEBUG  [TokenReaderNst] token=START_TOKEN name=Value depth=6
2015-09-01 08:21:18,002 DEBUG  [TokenReaderNst] token=CONTENT depth=6
2015-09-01 08:21:18,002 DEBUG  [TokenReaderNst] token=END_TOKEN name=Value depth=6
2015-09-01 08:21:18,002 DEBUG  [TokenReaderNst] token=END_TOKEN name=Property depth=5
2015-09-01 08:21:18,002 DEBUG  [TokenReaderNst] token=START_TOKEN name=Property depth=5
2015-09-01 08:21:18,002 DEBUG  [TokenReaderNst] token=START_TOKEN name=Value depth=6
2015-09-01 08:21:18,002 DEBUG  [TokenReaderNst] token=CONTENT depth=6
2015-09-01 08:21:18,002 DEBUG  [TokenReaderNst] token=END_TOKEN name=Value depth=6
2015-09-01 08:21:18,002 DEBUG  [TokenReaderNst] token=END_TOKEN name=Property depth=5
2015-09-01 08:21:18,002 DEBUG  [TokenReaderNst] token=START_TOKEN name=Property depth=5
2015-09-01 08:21:18,002 DEBUG  [TokenReaderNst] token=START_TOKEN name=Value depth=6
2015-09-01 08:21:18,002 DEBUG  [TokenReaderNst] token=END_TOKEN name=Value depth=6
2015-09-01 08:21:18,002 DEBUG  [TokenReaderNst] token=END_TOKEN name=Property depth=5
2015-09-01 08:21:18,002 DEBUG  [TokenReaderNst] token=START_TOKEN name=Property depth=5
2015-09-01 08:21:18,003 DEBUG  [TokenReaderNst] token=START_TOKEN name=Value depth=6
2015-09-01 08:21:18,003 DEBUG  [TokenReaderNst] token=CONTENT depth=6
2015-09-01 08:21:18,003 DEBUG  [TokenReaderNst] token=END_TOKEN name=Value depth=6
2015-09-01 08:21:18,003 DEBUG  [TokenReaderNst] token=END_TOKEN name=Property depth=5
2015-09-01 08:21:18,003 DEBUG  [TokenReaderNst] token=START_TOKEN name=Property depth=5
2015-09-01 08:21:18,003 DEBUG  [TokenReaderNst] token=START_TOKEN name=Value depth=6
2015-09-01 08:21:18,003 DEBUG  [TokenReaderNst] token=END_TOKEN name=Value depth=6
2015-09-01 08:21:18,003 DEBUG  [TokenReaderNst] token=END_TOKEN name=Property depth=5
2015-09-01 08:21:18,003 DEBUG  [TokenReaderNst] token=START_TOKEN name=Property depth=5
2015-09-01 08:21:18,003 DEBUG  [TokenReaderNst] token=END_TOKEN name=Property depth=5
2015-09-01 08:21:18,003 DEBUG  [TokenReaderNst] token=START_TOKEN name=Property depth=5
2015-09-01 08:21:18,003 DEBUG  [TokenReaderNst] token=END_TOKEN name=Property depth=5
2015-09-01 08:21:18,003 DEBUG  [TokenReaderNst] token=START_TOKEN name=Property depth=5
2015-09-01 08:21:18,003 DEBUG  [TokenReaderNst] token=START_TOKEN name=Value depth=6
2015-09-01 08:21:18,003 DEBUG  [TokenReaderNst] token=CONTENT depth=6
2015-09-01 08:21:18,003 DEBUG  [TokenReaderNst] token=END_TOKEN name=Value depth=6
2015-09-01 08:21:18,004 DEBUG  [TokenReaderNst] token=END_TOKEN name=Property depth=5
2015-09-01 08:21:18,004 DEBUG  [TokenReaderNst] token=START_TOKEN name=Property depth=5
2015-09-01 08:21:18,004 DEBUG  [TokenReaderNst] token=START_TOKEN name=Value depth=6
2015-09-01 08:21:18,004 DEBUG  [TokenReaderNst] token=CONTENT depth=6
2015-09-01 08:21:18,004 DEBUG  [TokenReaderNst] token=END_TOKEN name=Value depth=6
2015-09-01 08:21:18,004 DEBUG  [TokenReaderNst] token=END_TOKEN name=Property depth=5
2015-09-01 08:21:18,004 DEBUG  [TokenReaderNst] token=START_TOKEN name=Property depth=5
2015-09-01 08:21:18,004 DEBUG  [TokenReaderNst] token=START_TOKEN name=Value depth=6
2015-09-01 08:21:18,004 DEBUG  [TokenReaderNst] token=CONTENT depth=6
2015-09-01 08:21:18,004 DEBUG  [TokenReaderNst] token=END_TOKEN name=Value depth=6
2015-09-01 08:21:18,004 DEBUG  [TokenReaderNst] token=END_TOKEN name=Property depth=5
2015-09-01 08:21:18,004 DEBUG  [TokenReaderNst] token=START_TOKEN name=Property depth=5
2015-09-01 08:21:18,004 DEBUG  [TokenReaderNst] token=START_TOKEN name=Value depth=6
2015-09-01 08:21:18,004 DEBUG  [TokenReaderNst] token=CONTENT depth=6
2015-09-01 08:21:18,004 DEBUG  [TokenReaderNst] token=END_TOKEN name=Value depth=6
2015-09-01 08:21:18,004 DEBUG  [TokenReaderNst] token=END_TOKEN name=Property depth=5
2015-09-01 08:21:18,004 DEBUG  [TokenReaderNst] token=START_TOKEN name=Property depth=5
2015-09-01 08:21:18,004 DEBUG  [TokenReaderNst] token=END_TOKEN name=Property depth=5
2015-09-01 08:21:18,005 DEBUG  [TokenReaderNst] token=START_TOKEN name=Property depth=5
2015-09-01 08:21:18,005 DEBUG  [TokenReaderNst] token=START_TOKEN name=Value depth=6
2015-09-01 08:21:18,005 DEBUG  [TokenReaderNst] token=END_TOKEN name=Value depth=6
2015-09-01 08:21:18,005 DEBUG  [TokenReaderNst] token=END_TOKEN name=Property depth=5
2015-09-01 08:21:18,005 DEBUG  [TokenReaderNst] token=START_TOKEN name=Property depth=5
2015-09-01 08:21:18,005 DEBUG  [TokenReaderNst] token=END_TOKEN name=Property depth=5
2015-09-01 08:21:18,005 DEBUG  [TokenReaderNst] token=START_TOKEN name=Property depth=5
2015-09-01 08:21:18,005 DEBUG  [TokenReaderNst] token=END_TOKEN name=Property depth=5
2015-09-01 08:21:18,005 DEBUG  [TokenReaderNst] token=START_TOKEN name=Property depth=5
2015-09-01 08:21:18,005 DEBUG  [TokenReaderNst] token=START_TOKEN name=Value depth=6
2015-09-01 08:21:18,005 DEBUG  [TokenReaderNst] token=CONTENT depth=6
2015-09-01 08:21:18,005 DEBUG  [TokenReaderNst] token=END_TOKEN name=Value depth=6
2015-09-01 08:21:18,005 DEBUG  [TokenReaderNst] token=END_TOKEN name=Property depth=5
2015-09-01 08:21:18,005 DEBUG  [TokenReaderNst] token=START_TOKEN name=Property depth=5
2015-09-01 08:21:18,005 DEBUG  [TokenReaderNst] token=START_TOKEN name=Value depth=6
2015-09-01 08:21:18,005 DEBUG  [TokenReaderNst] token=CONTENT depth=6
2015-09-01 08:21:18,006 DEBUG  [TokenReaderNst] token=END_TOKEN name=Value depth=6
2015-09-01 08:21:18,006 DEBUG  [TokenReaderNst] token=END_TOKEN name=Property depth=5
2015-09-01 08:21:18,006 DEBUG  [TokenReaderNst] token=START_TOKEN name=Property depth=5
2015-09-01 08:21:18,006 DEBUG  [TokenReaderNst] token=END_TOKEN name=Property depth=5
2015-09-01 08:21:18,006 DEBUG  [TokenReaderNst] token=START_TOKEN name=Property depth=5
2015-09-01 08:21:18,006 DEBUG  [TokenReaderNst] token=END_TOKEN name=Property depth=5
2015-09-01 08:21:18,006 DEBUG  [TokenReaderNst] token=START_TOKEN name=Property depth=5
2015-09-01 08:21:18,006 DEBUG  [TokenReaderNst] token=END_TOKEN name=Property depth=5
2015-09-01 08:21:18,006 DEBUG  [TokenReaderNst] token=START_TOKEN name=Property depth=5
2015-09-01 08:21:18,006 DEBUG  [TokenReaderNst] token=END_TOKEN name=Property depth=5
2015-09-01 08:21:18,006 DEBUG  [TokenReaderNst] token=START_TOKEN name=Property depth=5
2015-09-01 08:21:18,006 DEBUG  [TokenReaderNst] token=END_TOKEN name=Property depth=5
2015-09-01 08:21:18,006 DEBUG  [TokenReaderNst] token=START_TOKEN name=Property depth=5
2015-09-01 08:21:18,006 DEBUG  [TokenReaderNst] token=START_TOKEN name=Value depth=6
2015-09-01 08:21:18,007 DEBUG  [TokenReaderNst] token=CONTENT depth=6
2015-09-01 08:21:18,007 DEBUG  [TokenReaderNst] token=END_TOKEN name=Value depth=6
2015-09-01 08:21:18,007 DEBUG  [TokenReaderNst] token=END_TOKEN name=Property depth=5
2015-09-01 08:21:18,007 DEBUG  [TokenReaderNst] token=START_TOKEN name=Property depth=5
2015-09-01 08:21:18,007 DEBUG  [TokenReaderNst] token=START_TOKEN name=Value depth=6
2015-09-01 08:21:18,007 DEBUG  [TokenReaderNst] token=CONTENT depth=6
2015-09-01 08:21:18,007 DEBUG  [TokenReaderNst] token=END_TOKEN name=Value depth=6
2015-09-01 08:21:18,007 DEBUG  [TokenReaderNst] token=END_TOKEN name=Property depth=5
2015-09-01 08:21:18,007 DEBUG  [TokenReaderNst] token=START_TOKEN name=Property depth=5
2015-09-01 08:21:18,007 DEBUG  [TokenReaderNst] token=END_TOKEN name=Property depth=5
2015-09-01 08:21:18,007 DEBUG  [TokenReaderNst] token=START_TOKEN name=Property depth=5
2015-09-01 08:21:18,007 DEBUG  [TokenReaderNst] token=END_TOKEN name=Property depth=5
2015-09-01 08:21:18,007 DEBUG  [TokenReaderNst] token=START_TOKEN name=Property depth=5
2015-09-01 08:21:18,007 DEBUG  [TokenReaderNst] token=START_TOKEN name=Value depth=6
2015-09-01 08:21:18,007 DEBUG  [TokenReaderNst] token=CONTENT depth=6
2015-09-01 08:21:18,007 DEBUG  [TokenReaderNst] token=END_TOKEN name=Value depth=6
2015-09-01 08:21:18,007 DEBUG  [TokenReaderNst] token=END_TOKEN name=Property depth=5
2015-09-01 08:21:18,008 DEBUG  [TokenReaderNst] token=START_TOKEN name=Property depth=5
2015-09-01 08:21:18,008 DEBUG  [TokenReaderNst] token=END_TOKEN name=Property depth=5
2015-09-01 08:21:18,008 DEBUG  [TokenReaderNst] token=START_TOKEN name=Property depth=5
2015-09-01 08:21:18,008 DEBUG  [TokenReaderNst] token=END_TOKEN name=Property depth=5
2015-09-01 08:21:18,008 DEBUG  [TokenReaderNst] token=START_TOKEN name=Property depth=5
2015-09-01 08:21:18,008 DEBUG  [TokenReaderNst] token=END_TOKEN name=Property depth=5
2015-09-01 08:21:18,008 DEBUG  [TokenReaderNst] token=START_TOKEN name=Property depth=5
2015-09-01 08:21:18,008 DEBUG  [TokenReaderNst] token=END_TOKEN name=Property depth=5
2015-09-01 08:21:18,008 DEBUG  [TokenReaderNst] token=START_TOKEN name=Property depth=5
2015-09-01 08:21:18,008 DEBUG  [TokenReaderNst] token=START_TOKEN name=Value depth=6
2015-09-01 08:21:18,008 DEBUG  [TokenReaderNst] token=CONTENT depth=6
2015-09-01 08:21:18,008 DEBUG  [TokenReaderNst] token=END_TOKEN name=Value depth=6
2015-09-01 08:21:18,008 DEBUG  [TokenReaderNst] token=END_TOKEN name=Property depth=5
2015-09-01 08:21:18,008 DEBUG  [TokenReaderNst] token=START_TOKEN name=Property depth=5
2015-09-01 08:21:18,008 DEBUG  [TokenReaderNst] token=START_TOKEN name=Value depth=6
2015-09-01 08:21:18,008 DEBUG  [TokenReaderNst] token=CONTENT depth=6
2015-09-01 08:21:18,009 DEBUG  [TokenReaderNst] token=END_TOKEN name=Value depth=6
2015-09-01 08:21:18,009 DEBUG  [TokenReaderNst] token=END_TOKEN name=Property depth=5
2015-09-01 08:21:18,009 DEBUG  [TokenReaderNst] token=START_TOKEN name=Property depth=5
2015-09-01 08:21:18,009 DEBUG  [TokenReaderNst] token=START_TOKEN name=Value depth=6
2015-09-01 08:21:18,009 DEBUG  [TokenReaderNst] token=CONTENT depth=6
2015-09-01 08:21:18,009 DEBUG  [TokenReaderNst] token=END_TOKEN name=Value depth=6
2015-09-01 08:21:18,009 DEBUG  [TokenReaderNst] token=END_TOKEN name=Property depth=5
2015-09-01 08:21:18,009 DEBUG  [TokenReaderNst] token=START_TOKEN name=Property depth=5
2015-09-01 08:21:18,009 DEBUG  [TokenReaderNst] token=END_TOKEN name=Property depth=5
2015-09-01 08:21:18,009 DEBUG  [TokenReaderNst] token=END_TOKEN name=Object depth=4
2015-09-01 08:21:18,010 DEBUG  [TokenReaderNst] token=END_TOKEN name=ObjectResponse depth=3
2015-09-01 08:21:18,010 DEBUG  [TokenReaderNst] token=END_TOKEN name=GetObjectsResponse depth=2
2015-09-01 08:21:18,022 DEBUG  [Session] <getObjectsResponse elapsed="15395" correlationId="1" rid="1">
  <value type="ObjectStore" updateSequenceNumber="20" accessAllowed="569835523" rid="2">
    <objectReference type="GlobalIdentity" classIdentity="ObjectStore" identity="{A87465A7-587F-425E-BB87-3FB7CB03CAA2}" rid="3"/>
    <properties type="Properties" rid="4">
      <property type="PropertyInteger32" name="FolderCacheMaxEntries" dirty="false" access="7" rid="5">
        <value>8192</value>
      </property>
      <property type="PropertyEngineObject" name="ClassDescription" dirty="false" access="1" rid="6">
        <value type="GlobalIdentity" classIdentity="ClassDescription" identity="{01A3A8A9-7AEC-11D1-A31B-0020AF9FBB1C}" rid="7"/>
      </property>
      <property type="PropertyEngineObjectList" name="Permissions" dirty="false" access="7" rid="8">
        <value type="UnevaluatedPropertyValue" propertyName="Permissions" rid="9">
          <parent ref="3"/>
        </value>
      </property>
      <property type="PropertyEngineObjectSet" name="PropertyTemplates" dirty="false" access="1" rid="10">
        <value type="UnevaluatedPropertyValue" propertyName="PropertyTemplates" rid="11">
          <parent ref="3"/>
        </value>
      </property>
      <property type="PropertyInteger32" name="FullTextRowMax" dirty="false" access="7" rid="12">
        <value null="true"/>
      </property>
      <property type="PropertyEngineObjectList" name="AddOnInstallationRecords" dirty="false" access="1" rid="13">
        <value type="UnevaluatedPropertyValue" propertyName="AddOnInstallationRecords" rid="14">
          <parent ref="3"/>
        </value>
      </property>
      <property type="PropertyInteger32" name="AuditLevel" dirty="false" access="7" rid="15">
        <value>0</value>
      </property>
      <property type="PropertyString" name="Name" dirty="false" access="1" rid="16">
        <value>OFCL_UAT_OS</value>
      </property>
      <property type="PropertyBoolean" name="TextSearchEnabled" dirty="false" access="7" rid="17">
        <value>false</value>
      </property>
      <property type="PropertyString" name="CBRLocale" dirty="false" access="7" rid="18">
        <value null="true"/>
      </property>
      <property type="PropertyDateTime" name="DateLastModified" dirty="false" access="1" rid="19">
        <value>2014-10-17T14:42:07.581Z</value>
      </property>
      <property type="PropertyEngineObjectSet" name="AuditProcessingBookmarks" dirty="false" access="1" rid="20">
        <value type="UnevaluatedPropertyValue" propertyName="AuditProcessingBookmarks" rid="21">
          <parent ref="3"/>
        </value>
      </property>
      <property type="PropertyInteger32" name="ContentAccessRecordingLevel" dirty="false" access="7" rid="22">
        <value>-1</value>
      </property>
      <property type="PropertyEngineObjectSet" name="SecurityPolicies" dirty="false" access="1" rid="23">
        <value type="UnevaluatedPropertyValue" propertyName="SecurityPolicies" rid="24">
          <parent ref="3"/>
        </value>
      </property>
      <property type="PropertyEngineObjectSet" name="ChoiceLists" dirty="false" access="1" rid="25">
        <value type="UnevaluatedPropertyValue" propertyName="ChoiceLists" rid="26">
          <parent ref="3"/>
        </value>
      </property>
      <property type="PropertyInteger32" name="CBRSearchType" dirty="false" access="1" rid="27">
        <value>0</value>
      </property>
      <property type="PropertyString" name="SchemaVersion" dirty="false" access="1" rid="28">
        <value>17.1.24</value>
      </property>
      <property type="PropertyString" name="DatabaseIndexStorageLocation" dirty="false" access="7" rid="29">
        <value>OFCLUATOS_INDX_TS</value>
      </property>
      <property type="PropertyId" name="Id" dirty="false" access="1" rid="30">
        <value type="Id">{A87465A7-587F-425E-BB87-3FB7CB03CAA2}</value>
      </property>
      <property type="PropertyEngineObjectSet" name="DocumentClassificationActions" dirty="false" access="1" rid="31">
        <value type="UnevaluatedPropertyValue" propertyName="DocumentClassificationActions" rid="32">
          <parent ref="3"/>
        </value>
      </property>
      <property type="PropertyId" name="ObjectStoreId" dirty="false" access="1" rid="33">
        <value type="Id">{A87465A7-587F-425E-BB87-3FB7CB03CAA2}</value>
      </property>
      <property type="PropertyInteger32" name="ObjectSecurityCacheEntryTTL" dirty="false" access="7" rid="34">
        <value>600</value>
      </property>
      <property type="PropertyString" name="DatabaseTableStorageLocation" dirty="false" access="7" rid="35">
        <value>OFCLUATOS_DATA_TS</value>
      </property>
      <property type="PropertyEngineObjectSet" name="ChangePreprocessorActions" dirty="false" access="1" rid="36">
        <value type="UnevaluatedPropertyValue" propertyName="ChangePreprocessorActions" rid="37">
          <parent ref="3"/>
        </value>
      </property>
      <property type="PropertyEngineObjectSet" name="EventActions" dirty="false" access="1" rid="38">
        <value type="UnevaluatedPropertyValue" propertyName="EventActions" rid="39">
          <parent ref="3"/>
        </value>
      </property>
      <property type="PropertyInteger32" name="DefaultReservationType" dirty="false" access="7" rid="40">
        <value>32</value>
      </property>
      <property type="PropertyInteger32" name="FolderCacheReapFrequency" dirty="false" access="7" rid="41">
        <value>0</value>
      </property>
      <property type="PropertyEngineObject" name="VerityDomainConfiguration" dirty="false" access="7" rid="42">
        <value type="UnevaluatedPropertyValue" propertyName="VerityDomainConfiguration" rid="43">
          <parent ref="3"/>
        </value>
      </property>
      <property type="PropertyInteger32" name="FolderCacheMaxAgeDelta" dirty="false" access="7" rid="44">
        <value>0</value>
      </property>
      <property type="PropertyInteger32" name="MaxQueryTimeLimit" dirty="false" access="7" rid="45">
        <value>0</value>
      </property>
      <property type="PropertyString" name="Creator" dirty="false" access="1" rid="46">
        <value>FileNet-P8Admin</value>
      </property>
      <property type="PropertyStringList" name="LocaleNames" dirty="false" access="1" rid="47">
        <value type="StringList" internalClassType="java.lang.String" isDirty="false" isReadOnly="false" hasBeenAttached="true" rid="48">
          <originalList size="30" rid="49">
            <entry>en-us</entry>
            <entry>zh-cn</entry>
            <entry>ja</entry>
            <entry>tr</entry>
            <entry>ko</entry>
            <entry>nl</entry>
            <entry>bg</entry>
            <entry>pt-br</entry>
            <entry>cs</entry>
            <entry>he</entry>
            <entry>th</entry>
            <entry>it</entry>
            <entry>fr</entry>
            <entry>ru</entry>
            <entry>ro</entry>
            <entry>nb-no</entry>
            <entry>fi</entry>
            <entry>ar</entry>
            <entry>zh-tw</entry>
            <entry>sv</entry>
            <entry>ca</entry>
            <entry>pt</entry>
            <entry>pl</entry>
            <entry>sl</entry>
            <entry>sk</entry>
            <entry>de</entry>
            <entry>hu</entry>
            <entry>es</entry>
            <entry>da</entry>
            <entry>hr</entry>
          </originalList>
          <currentList size="30" rid="50">
            <entry>en-us</entry>
            <entry>zh-cn</entry>
            <entry>ja</entry>
            <entry>tr</entry>
            <entry>ko</entry>
            <entry>nl</entry>
            <entry>bg</entry>
            <entry>pt-br</entry>
            <entry>cs</entry>
            <entry>he</entry>
            <entry>th</entry>
            <entry>it</entry>
            <entry>fr</entry>
            <entry>ru</entry>
            <entry>ro</entry>
            <entry>nb-no</entry>
            <entry>fi</entry>
            <entry>ar</entry>
            <entry>zh-tw</entry>
            <entry>sv</entry>
            <entry>ca</entry>
            <entry>pt</entry>
            <entry>pl</entry>
            <entry>sl</entry>
            <entry>sk</entry>
            <entry>de</entry>
            <entry>hu</entry>
            <entry>es</entry>
            <entry>da</entry>
            <entry>hr</entry>
          </currentList>
          <deletedList size="0" rid="51"/>
          <listMode type="ListMode" value="0" name="Replace" rid="52"/>
        </value>
      </property>
      <property type="PropertyInteger32" name="DatabaseType" dirty="false" access="1" rid="53">
        <value>2</value>
      </property>
      <property type="PropertyString" name="JNDIXADataSource" dirty="false" access="7" rid="54">
        <value>OFCL_UAT_OS_DSXA</value>
      </property>
      <property type="PropertyString" name="TextSearchIndexingLanguage" dirty="false" access="7" rid="55">
        <value null="true"/>
      </property>
      <property type="PropertyString" name="SymbolicName" dirty="false" access="7" rid="56">
        <value>OFCL_UAT_OS</value>
      </property>
      <property type="PropertyInteger32" name="SecurityDescCacheMaxEntries" dirty="false" access="7" rid="57">
        <value>8192</value>
      </property>
      <property type="PropertyBoolean" name="ForceCaseInsensitiveSearch" dirty="false" access="7" rid="58">
        <value>true</value>
      </property>
      <property type="PropertyEngineObject" name="Domain" dirty="false" access="1" rid="59">
        <value type="GlobalIdentity" classIdentity="Domain" identity="{4B309CF7-393F-4E4D-B616-48B5838ECCD5}" rid="60"/>
      </property>
      <property type="PropertyInteger32" name="DefaultQueryTimeLimit" dirty="false" access="7" rid="61">
        <value>0</value>
      </property>
      <property type="PropertyEngineObject" name="Site" dirty="false" access="7" rid="62">
        <value type="GlobalIdentity" classIdentity="Site" identity="{07539A4C-DD66-492B-8A0B-BC2363C9BDB9}" rid="63"/>
      </property>
      <property type="PropertyEngineObjectSet" name="StoragePolicies" dirty="false" access="1" rid="64">
        <value type="UnevaluatedPropertyValue" propertyName="StoragePolicies" rid="65">
          <parent ref="3"/>
        </value>
      </property>
      <property type="PropertyEngineObjectSet" name="AuditDispositionPolicies" dirty="false" access="1" rid="66">
        <value type="UnevaluatedPropertyValue" propertyName="AuditDispositionPolicies" rid="67">
          <parent ref="3"/>
        </value>
      </property>
      <property type="PropertyString" name="DatabaseLOBStorageLocation" dirty="false" access="7" rid="68">
        <value>OFCLUATOS_DATA_TS</value>
      </property>
      <property type="PropertyString" name="DisplayName" dirty="false" access="7" rid="69">
        <value>OFCL_UAT_OS</value>
      </property>
      <property type="PropertyString" name="JNDIDataSource" dirty="false" access="7" rid="70">
        <value>OFCL_UAT_OS_DS</value>
      </property>
      <property type="PropertyInteger32" name="ObjectSecurityCacheMaxEntries" dirty="false" access="7" rid="71">
        <value>8192</value>
      </property>
      <property type="PropertyEngineObjectSet" name="TopFolders" dirty="false" access="1" rid="72">
        <value type="UnevaluatedPropertyValue" propertyName="TopFolders" rid="73">
          <parent ref="3"/>
        </value>
      </property>
      <property type="PropertyEngineObject" name="RootFolder" dirty="false" access="1" rid="74">
        <value type="UnevaluatedPropertyValue" propertyName="RootFolder" rid="75">
          <parent ref="3"/>
        </value>
      </property>
      <property type="PropertyEngineObjectSet" name="WorkflowDefinitions" dirty="false" access="1" rid="76">
        <value type="UnevaluatedPropertyValue" propertyName="WorkflowDefinitions" rid="77">
          <parent ref="3"/>
        </value>
      </property>
      <property type="PropertyInteger32" name="FullTextRowDefault" dirty="false" access="7" rid="78">
        <value null="true"/>
      </property>
      <property type="PropertyInteger32" name="VerityPartitionInterval" dirty="false" access="7" rid="79">
        <value>0</value>
      </property>
      <property type="PropertyString" name="LocaleName" dirty="false" access="1" rid="80">
        <value>en-us</value>
      </property>
      <property type="PropertyEngineObjectSet" name="XMLPropertyMappingScripts" dirty="false" access="1" rid="81">
        <value type="UnevaluatedPropertyValue" propertyName="XMLPropertyMappingScripts" rid="82">
          <parent ref="3"/>
        </value>
      </property>
      <property type="PropertyString" name="DatabaseSchemaName" dirty="false" access="7" rid="83">
        <value null="true"/>
      </property>
      <property type="PropertyEngineObjectSet" name="RootClassDefinitions" dirty="false" access="1" rid="84">
        <value type="UnevaluatedPropertyValue" propertyName="RootClassDefinitions" rid="85">
          <parent ref="3"/>
        </value>
      </property>
      <property type="PropertyEngineObjectSet" name="StorageAreas" dirty="false" access="1" rid="86">
        <value type="UnevaluatedPropertyValue" propertyName="StorageAreas" rid="87">
          <parent ref="3"/>
        </value>
      </property>
      <property type="PropertyEngineObjectList" name="PartitioningProperties" dirty="false" access="7" rid="88">
        <value type="UnevaluatedPropertyValue" propertyName="PartitioningProperties" rid="89">
          <parent ref="3"/>
        </value>
      </property>
      <property type="PropertyString" name="LastModifier" dirty="false" access="1" rid="90">
        <value>KURUGS</value>
      </property>
      <property type="PropertyInteger32" name="IndexingFailureRecordingLevel" dirty="false" access="7" rid="91">
        <value>0</value>
      </property>
      <property type="PropertyEngineObjectSet" name="DocumentLifecycleActions" dirty="false" access="1" rid="92">
        <value type="UnevaluatedPropertyValue" propertyName="DocumentLifecycleActions" rid="93">
          <parent ref="3"/>
        </value>
      </property>
      <property type="PropertyEngineObjectSet" name="ClassDescriptions" dirty="false" access="1" rid="94">
        <value type="UnevaluatedPropertyValue" propertyName="ClassDescriptions" rid="95">
          <parent ref="3"/>
        </value>
      </property>
      <property type="PropertyBoolean" name="TableOverflowEnabled" dirty="false" access="7" rid="96">
        <value>false</value>
      </property>
      <property type="PropertyEngineObjectSet" name="TableDefinitions" dirty="false" access="1" rid="97">
        <value type="UnevaluatedPropertyValue" propertyName="TableDefinitions" rid="98">
          <parent ref="3"/>
        </value>
      </property>
      <property type="PropertyEngineObjectSet" name="IndexAreas" dirty="false" access="1" rid="99">
        <value type="UnevaluatedPropertyValue" propertyName="IndexAreas" rid="100">
          <parent ref="3"/>
        </value>
      </property>
      <property type="PropertyString" name="VerityPartitionProperty" dirty="false" access="7" rid="101">
        <value null="true"/>
      </property>
      <property type="PropertyEngineObjectSet" name="Subscriptions" dirty="false" access="1" rid="102">
        <value type="UnevaluatedPropertyValue" propertyName="Subscriptions" rid="103">
          <parent ref="3"/>
        </value>
      </property>
      <property type="PropertyString" name="DescriptiveText" dirty="false" access="7" rid="104">
        <value>OFCL_UAT_OS</value>
      </property>
      <property type="PropertyBoolean" name="CBRPreFilterEnabled" dirty="false" access="7" rid="105">
        <value>false</value>
      </property>
      <property type="PropertyDateTime" name="DateCreated" dirty="false" access="1" rid="106">
        <value>2013-02-10T14:55:33.063Z</value>
      </property>
      <property type="PropertyEngineObjectSet" name="DocumentLifecyclePolicies" dirty="false" access="1" rid="107">
        <value type="UnevaluatedPropertyValue" propertyName="DocumentLifecyclePolicies" rid="108">
          <parent ref="3"/>
        </value>
      </property>
    </properties>
  </value>
</getObjectsResponse>
2015-09-01 08:21:18,026 DEBUG  [SessionLocator] No session entry found in the cache for http://ax-svc-03222.odjfs.state.oh.us:9092/wsi/fncews40mtom/
2015-09-01 08:21:18,026 DEBUG  [SessionLocator] SessionLocator.createNewSoapSession called with providerURL http://ax-svc-03222.odjfs.state.oh.us:9092 path /wsi/FNCEWS40MTOM/
2015-09-01 08:21:18,026 DEBUG  [SessionLocator] Instantiating a SoapSession instance using uri http://ax-svc-03222.odjfs.state.oh.us:9092/wsi/FNCEWS40MTOM/
2015-09-01 08:21:18,027 DEBUG  [SessionLocator] Remote session is returned and will be wrapped in a session handle for retry conditions
2015-09-01 08:21:18,030 DEBUG  [Session] <executeSearchRequest clientCaller="com.sun.org.apache.xalan.internal.xsltc.trax.TransformerImpl.transformIdentity(Unknown Source)" continueable="true" maxElements="200" rid="1">
  <search type="RepositorySearch" searchSQL="SELECT ev.[DateCreated], ev.[Creator], ev.[SourceObjectId]  FROM [Event] ev INNER JOIN [Document] doc ON ev.SourceObjectId = doc.id WHERE IsClass(ev, GetContentEvent)   AND IsClass(doc, FCL_BC_DOC)   AND ev.[Creator] &lt;&gt; 'FileNet-P8Admin'" rid="2"/>
  <searchScope type="ObjectStoreScope" rid="3">
    <objectStore type="GlobalIdentity" classIdentity="ObjectStore" identity="{A87465A7-587F-425E-BB87-3FB7CB03CAA2}" rid="4"/>
  </searchScope>
  <searchMode type="SearchMode" value="0" rid="5"/>
</executeSearchRequest>
2015-09-01 08:21:18,030 DEBUG  [ServiceSessionNst] Serialize ExecuteSearchRequest/ExecuteSearchResponse using ServiceSessionNst@b31074
2015-09-01 08:21:18,030 DEBUG  [ServiceSessionNst] URL openConnection done
2015-09-01 08:21:18,030 DEBUG  [AttachmentHelperNst] unique piece: 4b397b2519a4d76c-14f88dab24e
2015-09-01 08:21:18,030 DEBUG  [AttachmentHelperNst] Attachment 0 content ID: v0-4b397b2519a4d76c-14f88dab24e@mtom.p8ce.filenet.com
2015-09-01 08:21:18,030 DEBUG  [ServiceSessionNst] HTTP request properties {Date=[Tue, 1 Sep 2015 12:21:18 +0000], User-Agent=[IBM FileNet P8 CE Java API (5.1.0 / dap501.000.004.020)], Content-Type=[application/soap+xml]}
2015-09-01 08:21:18,032 DEBUG  [ServiceSessionNst] HTTP connect done
2015-09-01 08:21:18,032 DEBUG  [ServiceSessionNst] HTTP getOutputStream done
2015-09-01 08:21:18,032 DEBUG  [ClientOperation] Using Principal<FileNet-P8Admin> from UserContext
2015-09-01 08:21:18,033 DEBUG  [ServiceSessionNst] SOAP /Envelope done
2015-09-01 08:21:18,033 DEBUG  [ServiceSessionNst] HTTP outputStream closed
2015-09-01 08:21:18,033 DEBUG  [ServiceSessionNst] Deserialize ExecuteSearchRequest/ExecuteSearchResponse using ServiceSessionNst@b31074
2015-09-01 08:21:18,054 DEBUG  [ServiceSessionNst] HTTP getInputStream done
2015-09-01 08:21:18,055 DEBUG  [ServiceSessionNst] HTTP response properties {null=[HTTP/1.1 200 OK], Content-Language=[en-US], X-dynaTrace=[PT=322577;PA=475202791;SP=Filenet 5.1 - UAT;PS=1422310763], Date=[Tue, 01 Sep 2015 12:21:17 GMT], Transfer-Encoding=[chunked], SOAPAction=[""], dynaTrace=[PT=322577;PA=475202791;SP=Filenet 5.1 - UAT;PS=1422310763], User-Agent=[IBM FileNet P8 CE Java API (5.1.0 / dap501.000.004.020)], Content-Type=[multipart/related; boundary=A-B--MIME-BOUNDARY--56e510112c9e7ed5-14f88dab227--Y-Z; type="application/xop+xml"; start-info="application/soap+xml"; start="<v0-56e510112c9e7ed5-14f88dab227@mtom.p8ce.filenet.com>"], Server=[WebSphere Application Server/7.0]}
2015-09-01 08:21:18,055 DEBUG  [ConfigValueLookup] Configuration for:FileNet.WSI.DeserializationBufferSize value:null applied
2015-09-01 08:21:18,056 DEBUG  [ConfigValueLookup] Configuration for:FileNet.WSI.SpillCutover value:null applied
2015-09-01 08:21:18,058 DEBUG  [MultipartInputStreamManager] MIME boundary: A-B--MIME-BOUNDARY--56e510112c9e7ed5-14f88dab227--Y-Z
2015-09-01 08:21:18,058 DEBUG  [MultipartInputStreamManager] Master buffer size: 16384
2015-09-01 08:21:18,058 DEBUG  [MultipartInputStreamManager] instantiated reference to part <v0-56e510112c9e7ed5-14f88dab227@mtom.p8ce.filenet.com>; 30909294
2015-09-01 08:21:18,060 DEBUG  [MultipartInputStreamManager] instantiated reference to part <v0-56e510112c9e7ed5-14f88dab227@mtom.p8ce.filenet.com>; 8764084
2015-09-01 08:21:18,060 DEBUG  [MultipartInputStreamManager] found part in stream <v0-56e510112c9e7ed5-14f88dab227@mtom.p8ce.filenet.com>; 8764084
2015-09-01 08:21:18,060 DEBUG  [MultipartInputStreamManager] activating part <v0-56e510112c9e7ed5-14f88dab227@mtom.p8ce.filenet.com>; 30909294
2015-09-01 08:21:18,060 DEBUG  [TokenReaderNst] token=START_TOKEN name=Envelope depth=0
2015-09-01 08:21:18,060 DEBUG  [TokenReaderNst] token=START_TOKEN name=Body depth=1
2015-09-01 08:21:18,061 DEBUG  [TokenReaderNst] token=START_TOKEN name=ExecuteSearchResponse depth=2
2015-09-01 08:21:18,061 DEBUG  [TokenReaderNst] token=START_TOKEN name=CollectionTerminator depth=3
2015-09-01 08:21:18,062 DEBUG  [TokenReaderNst] token=END_TOKEN name=CollectionTerminator depth=3
2015-09-01 08:21:18,062 DEBUG  [TokenReaderNst] token=END_TOKEN name=ExecuteSearchResponse depth=2
2015-09-01 08:21:18,066 DEBUG  [Session] <executeSearchResponse elapsed="34" rid="1">
  <value type="SubSet" stale="false" classType="com.filenet.api.core.EngineObject" rid="2">
    <list size="0" rid="3"/>
    <paging type="DefaultPaging" rid="4"/>
  </value>
</executeSearchResponse>
2015-09-01 08:21:18,067 INFO   [ExtractCPILogs] 0 logs are extracted.
2015-09-01 08:21:34,879 INFO   [ExtractCPILogs] Application Name: FN_OFCBC
2015-09-01 08:21:34,879 INFO   [ExtractCPILogs] Application Property File: FN_OFCBC.properties
2015-09-01 08:21:34,949 INFO   [ConfigValueLookup] Configuration property file search order:
    user.dir = C:\git\KWONS\workspace\ExtractCPILog
    user.home = C:\Users\KWONS
    java.home = C:\Program Files (x86)\Java\jre7
2015-09-01 08:21:34,979 INFO   [ConfigValueLookup] Loading configuration resource: FileNetBuild.properties
2015-09-01 08:21:35,644 INFO   [ExtractCPILogs] 0 logs are extracted.
2015-09-01 08:28:54,386 INFO   [ExtractCPILogs] Application Name: FN_OFCBC
2015-09-01 08:28:54,391 INFO   [ExtractCPILogs] Application Property File: FN_OFCBC.properties
2015-09-01 08:28:54,463 INFO   [ConfigValueLookup] Configuration property file search order:
    user.dir = C:\git\KWONS\workspace\ExtractCPILog
    user.home = C:\Users\KWONS
    java.home = C:\Program Files (x86)\Java\jre7
2015-09-01 08:28:54,492 INFO   [ConfigValueLookup] Loading configuration resource: FileNetBuild.properties
2015-09-01 08:28:55,153 INFO   [ExtractCPILogs] 0 logs are extracted.
2015-09-01 08:29:37,142 INFO   [ExtractCPILogs] Application Name: FN_OFCBC
2015-09-01 08:29:37,142 INFO   [ExtractCPILogs] Application Property File: FN_OFCBC.properties
2015-09-01 08:29:37,209 INFO   [ConfigValueLookup] Configuration property file search order:
    user.dir = C:\git\KWONS\workspace\ExtractCPILog
    user.home = C:\Users\KWONS
    java.home = C:\Program Files (x86)\Java\jre7
2015-09-01 08:29:37,237 INFO   [ConfigValueLookup] Loading configuration resource: FileNetBuild.properties
2015-09-01 08:29:37,980 INFO   [ExtractCPILogs] 2 logs are extracted.
2015-09-01 08:29:37,988 INFO   [ExtractCPILogs] 2 logs are exported.
2015-09-01 08:30:04,680 INFO   [ExtractCPILogs] Application Name: FN_OFCBC
2015-09-01 08:30:04,681 INFO   [ExtractCPILogs] Application Property File: FN_OFCBC.properties
2015-09-01 08:30:04,750 INFO   [ConfigValueLookup] Configuration property file search order:
    user.dir = C:\git\KWONS\workspace\ExtractCPILog
    user.home = C:\Users\KWONS
    java.home = C:\Program Files (x86)\Java\jre7
2015-09-01 08:30:04,778 INFO   [ConfigValueLookup] Loading configuration resource: FileNetBuild.properties
2015-09-01 08:30:05,580 INFO   [ExtractCPILogs] 4 logs are extracted.
2015-09-01 08:30:05,595 INFO   [ExtractCPILogs] 4 logs are exported.
2015-09-01 09:16:10,375 INFO   [ExtractCPILogs] Application Name: FN_OFCBC
2015-09-01 09:16:10,375 INFO   [ExtractCPILogs] Application Property File: FN_OFCBC.properties
2015-09-01 09:16:10,445 INFO   [ConfigValueLookup] Configuration property file search order:
    user.dir = C:\git\KWONS\workspace\ExtractCPILog
    user.home = C:\Users\KWONS
    java.home = C:\Program Files (x86)\Java\jre7
2015-09-01 09:16:10,473 INFO   [ConfigValueLookup] Loading configuration resource: FileNetBuild.properties
2015-09-01 09:16:11,140 INFO   [ExtractCPILogs] 0 logs are extracted.
2015-09-01 15:01:48,561 INFO   [ExtractCPILogs] Application Name: FN_OFCBC
2015-09-01 15:01:48,562 INFO   [ExtractCPILogs] Application Property File: FN_OFCBC.properties
2015-09-01 15:01:48,630 INFO   [ConfigValueLookup] Configuration property file search order:
    user.dir = C:\git\KWONS\workspace\ExtractCPILog
    user.home = C:\Users\KWONS
    java.home = C:\Program Files (x86)\Java\jre7
2015-09-01 15:01:48,661 INFO   [ConfigValueLookup] Loading configuration resource: FileNetBuild.properties
2015-09-01 15:01:49,368 INFO   [ExtractCPILogs] 0 logs are extracted.
2015-09-02 15:38:46,603 INFO   [ExtractCPILogs] Application Name: FN_OFCBC
2015-09-02 15:38:46,611 INFO   [ExtractCPILogs] Application Property File: FN_OFCBC.properties
2015-09-02 15:38:46,924 INFO   [ConfigValueLookup] Configuration property file search order:
    user.dir = C:\git\KWONS\workspace\ExtractCPILog
    user.home = C:\Users\KWONS
    java.home = C:\Program Files (x86)\Java\jre7
2015-09-02 15:38:46,953 INFO   [ConfigValueLookup] Loading configuration resource: FileNetBuild.properties
2015-09-02 15:38:48,572 INFO   [ExtractCPILogs] 0 logs are extracted.
2015-09-02 15:39:48,616 INFO   [ExtractCPILogs] Application Name: FN_UIDMS
2015-09-02 15:39:48,617 INFO   [ExtractCPILogs] Application Property File: FN_UIDMS.properties
2015-09-02 15:39:48,685 INFO   [ConfigValueLookup] Configuration property file search order:
    user.dir = C:\git\KWONS\workspace\ExtractCPILog
    user.home = C:\Users\KWONS
    java.home = C:\Program Files (x86)\Java\jre7
2015-09-02 15:39:48,714 INFO   [ConfigValueLookup] Loading configuration resource: FileNetBuild.properties
2015-09-02 15:42:01,774 INFO   [ExtractCPILogs] 5413 logs are extracted.
2015-09-02 15:42:01,954 INFO   [ExtractCPILogs] 5413 logs are exported.
2015-09-02 15:43:53,064 INFO   [ExtractCPILogs] Application Name: FN_UIDMS
2015-09-02 15:43:53,064 INFO   [ExtractCPILogs] Application Property File: FN_UIDMS.properties
2015-09-02 15:43:53,135 INFO   [ConfigValueLookup] Configuration property file search order:
    user.dir = C:\git\KWONS\workspace\ExtractCPILog
    user.home = C:\Users\KWONS
    java.home = C:\Program Files (x86)\Java\jre7
2015-09-02 15:43:53,165 INFO   [ConfigValueLookup] Loading configuration resource: FileNetBuild.properties
2015-09-02 15:46:20,084 INFO   [ExtractCPILogs] 5455 logs are extracted.
2015-09-02 15:46:20,207 INFO   [ExtractCPILogs] 5455 logs are exported.
2015-09-03 08:54:05,341 INFO   [ExtractCPILogs] Application Name: FN_UIDMS
2015-09-03 08:54:05,361 INFO   [ExtractCPILogs] Application Property File: FN_UIDMS.properties
2015-09-03 08:54:05,468 INFO   [ConfigValueLookup] Configuration property file search order:
    user.dir = C:\git\KWONS\workspace\ExtractCPILog
    user.home = C:\Users\KWONS
    java.home = C:\Program Files (x86)\Java\jre7
2015-09-03 08:54:05,497 INFO   [ConfigValueLookup] Loading configuration resource: FileNetBuild.properties
2015-09-03 08:54:26,415 INFO   [ExtractCPILogs] 797 logs are extracted.
2015-09-03 08:54:26,481 INFO   [ExtractCPILogs] 797 logs are exported.
2015-09-03 15:43:52,901 INFO   [ExtractCPILogs] Application Name: FN_UIDMS
2015-09-03 15:43:52,902 INFO   [ExtractCPILogs] Application Property File: FN_UIDMS.properties
2015-09-03 15:43:52,974 INFO   [ConfigValueLookup] Configuration property file search order:
    user.dir = C:\git\KWONS\workspace\ExtractCPILog
    user.home = C:\Users\KWONS
    java.home = C:\Program Files (x86)\Java\jre7
2015-09-03 15:43:53,003 INFO   [ConfigValueLookup] Loading configuration resource: FileNetBuild.properties
2015-09-03 15:45:49,248 INFO   [ExtractCPILogs] 4584 logs are extracted.
2015-09-03 15:45:50,038 INFO   [ExtractCPILogs] 4584 logs are exported.
2015-09-04 07:16:46,691 INFO   [ExtractCPILogs] Application Name: FN_UIDMS
2015-09-04 07:16:46,695 INFO   [ExtractCPILogs] Application Property File: FN_UIDMS.properties
2015-09-04 07:16:46,788 INFO   [ConfigValueLookup] Configuration property file search order:
    user.dir = C:\git\KWONS\workspace\ExtractCPILog
    user.home = C:\Users\KWONS
    java.home = C:\Program Files (x86)\Java\jre7
2015-09-04 07:16:46,816 INFO   [ConfigValueLookup] Loading configuration resource: FileNetBuild.properties
2015-09-04 07:16:48,830 INFO   [ExtractCPILogs] 18 logs are extracted.
2015-09-04 07:16:48,849 INFO   [ExtractCPILogs] 18 logs are exported.
2015-09-08 07:29:30,425 INFO   [ExtractCPILogs] Application Name: FN_UIDMS
2015-09-08 07:29:30,503 INFO   [ExtractCPILogs] Application Property File: FN_UIDMS.properties
2015-09-08 07:29:30,947 INFO   [ConfigValueLookup] Configuration property file search order:
    user.dir = C:\git\KWONS\workspace\ExtractCPILog
    user.home = C:\Users\KWONS
    java.home = C:\Program Files (x86)\Java\jre7
2015-09-08 07:29:31,003 INFO   [ConfigValueLookup] Loading configuration resource: FileNetBuild.properties
2015-09-08 07:29:34,505 INFO   [ExtractCPILogs] 36 logs are extracted.
2015-09-08 07:29:34,638 INFO   [ExtractCPILogs] 36 logs are exported.
2015-09-08 08:04:37,824 INFO   [ExtractCPILogs] Application Name: FN_UIDMS
2015-09-08 08:04:37,825 INFO   [ExtractCPILogs] Application Property File: FN_UIDMS.properties
2015-09-08 08:04:37,897 INFO   [ConfigValueLookup] Configuration property file search order:
    user.dir = C:\git\KWONS\workspace\ExtractCPILog
    user.home = C:\Users\KWONS
    java.home = C:\Program Files (x86)\Java\jre7
2015-09-08 08:04:37,926 INFO   [ConfigValueLookup] Loading configuration resource: FileNetBuild.properties
2015-09-08 08:04:42,391 INFO   [ExtractCPILogs] 146 logs are extracted.
2015-09-08 08:04:42,409 INFO   [ExtractCPILogs] 146 logs are exported.
